{"level":"info","message":"开始：2024/6/8 12:02:41"}
{"level":"info","message":{"body":"{\"code\":200,\"msg\":\"提交成功\",\"data\":[]}","brand":"google","model":"pixel5","tip":"重置机型成功"}}
{"level":"info","message":{"data":"{\"code\":0,\"success\":true,\"msg\":\"请求成功\",\"request_ip\":\"114.93.3.27\",\"data\":\"更新成功\"}","tip":"切换代理IP成功"}}
{"level":"info","message":{"time":"2024/6/8 12:03:24","tip":"打开网站"}}
{"level":"info","message":{"time":"2024/6/8 12:03:42","tip":"网站已打开"}}
{"level":"info","message":{"time":"2024/6/8 12:03:42","tip":"广告曝光"}}
{"level":"info","message":{"tip":"广告曝光 数量1"}}
{"level":"info","message":{"body":"{\"code\":200,\"msg\":\"提交成功\",\"data\":[]}","brand":"google","model":"pixel5","tip":"重置机型成功"}}
{"level":"info","message":{"data":"{\"code\":0,\"success\":true,\"msg\":\"请求成功\",\"request_ip\":\"114.93.3.27\",\"data\":\"更新成功\"}","tip":"切换代理IP成功"}}
{"level":"error","name":"unknown error"}
{"level":"info","message":{"time":"2024/6/8 12:04:35","tip":"打开网站"}}
{"level":"info","message":{"time":"2024/6/8 12:04:52","tip":"网站已打开"}}
{"level":"info","message":{"time":"2024/6/8 12:04:52","tip":"广告曝光"}}
{"level":"info","message":{"tip":"广告曝光 数量1"}}
{"level":"info","message":"开始：2024/6/8 12:07:38"}
{"level":"info","message":{"body":"{\"code\":200,\"msg\":\"提交成功\",\"data\":[]}","brand":"google","model":"Pixel 4a","tip":"重置机型成功"}}
{"level":"info","message":{"data":"{\"code\":0,\"success\":true,\"msg\":\"请求成功\",\"request_ip\":\"114.93.3.27\",\"data\":\"更新成功\"}","tip":"切换代理IP成功"}}
{"level":"info","message":{"time":"2024/6/8 12:08:16","tip":"打开网站"}}
{"level":"info","message":{"time":"2024/6/8 12:08:33","tip":"网站已打开"}}
{"level":"info","message":{"time":"2024/6/8 12:08:34","tip":"广告曝光"}}
{"level":"info","message":{"tip":"广告曝光 数量1"}}
{"level":"info","message":{"time":"2024/6/8 12:08:58","tip":"进入子页面"}}
{"level":"info","message":{"time":"2024/6/8 12:09:07","tip":"c-广告曝光"}}
{"level":"info","message":{"tip":"c-广告曝光 数量1"}}
{"level":"info","message":{"body":"{\"code\":200,\"msg\":\"提交成功\",\"data\":[]}","brand":"google","model":"Pixel 4a","tip":"重置机型成功"}}
{"level":"info","message":{"data":"{\"code\":0,\"success\":true,\"msg\":\"请求成功\",\"request_ip\":\"114.93.3.27\",\"data\":\"更新成功\"}","tip":"切换代理IP成功"}}
{"level":"error","name":"unknown error"}
{"level":"info","message":{"time":"2024/6/8 12:10:15","tip":"打开网站"}}
{"level":"info","message":{"time":"2024/6/8 12:10:32","tip":"网站已打开"}}
{"level":"info","message":{"time":"2024/6/8 12:10:33","tip":"广告曝光"}}
{"level":"info","message":{"tip":"广告曝光 数量1"}}
{"level":"info","message":{"time":"2024/6/8 12:11:00","tip":"进入子页面"}}
{"level":"info","message":{"time":"2024/6/8 12:11:09","tip":"c-广告曝光"}}
{"level":"info","message":"开始：2024/6/8 12:13:03"}
{"level":"info","message":{"body":"{\"code\":200,\"msg\":\"提交成功\",\"data\":[]}","brand":"google","model":"pixel3a","tip":"重置机型成功"}}
{"level":"info","message":{"data":"{\"code\":0,\"success\":true,\"msg\":\"请求成功\",\"request_ip\":\"114.93.3.27\",\"data\":\"更新成功\"}","tip":"切换代理IP成功"}}
{"level":"info","message":{"time":"2024/6/8 12:13:52","tip":"打开网站"}}
{"level":"info","message":{"time":"2024/6/8 12:14:10","tip":"网站已打开"}}
{"level":"info","message":{"time":"2024/6/8 12:14:10","tip":"广告曝光"}}
{"level":"info","message":{"tip":"广告曝光 数量1"}}
{"level":"info","message":{"body":"{\"code\":200,\"msg\":\"提交成功\",\"data\":[]}","brand":"google","model":"pixel3a","tip":"重置机型成功"}}
{"level":"info","message":{"data":"{\"code\":0,\"success\":true,\"msg\":\"请求成功\",\"request_ip\":\"114.93.3.27\",\"data\":\"更新成功\"}","tip":"切换代理IP成功"}}
{"level":"error","name":"unknown error"}
{"level":"info","message":{"time":"2024/6/8 12:15:16","tip":"打开网站"}}
{"level":"info","message":{"time":"2024/6/8 12:15:33","tip":"网站已打开"}}
{"level":"info","message":{"time":"2024/6/8 12:15:34","tip":"广告曝光"}}
{"level":"info","message":{"tip":"广告曝光 数量1"}}
{"level":"info","message":{"time":"2024/6/8 12:16:00","tip":"进入子页面"}}
{"level":"info","message":{"time":"2024/6/8 12:16:10","tip":"c-广告曝光"}}
{"level":"info","message":{"tip":"c-广告曝光 数量1"}}
{"level":"info","message":{"body":"{\"code\":200,\"msg\":\"提交成功\",\"data\":[]}","brand":"google","model":"Pixel 4a","tip":"重置机型成功"}}
{"level":"info","message":{"data":"{\"code\":0,\"success\":true,\"msg\":\"请求成功\",\"request_ip\":\"114.93.3.27\",\"data\":\"更新成功\"}","tip":"切换代理IP成功"}}
{"level":"error","name":"unknown error"}
{"level":"info","message":{"time":"2024/6/8 12:17:12","tip":"打开网站"}}
{"level":"info","message":{"time":"2024/6/8 12:17:29","tip":"网站已打开"}}
{"level":"info","message":{"time":"2024/6/8 12:17:30","tip":"广告曝光"}}
{"level":"info","message":{"tip":"广告曝光 数量1"}}
{"level":"info","message":{"time":"2024/6/8 12:17:57","tip":"进入子页面"}}
{"level":"info","message":{"time":"2024/6/8 12:18:06","tip":"c-广告曝光"}}
{"level":"info","message":{"tip":"c-广告曝光 数量1"}}
{"level":"info","message":{"body":"{\"code\":200,\"msg\":\"提交成功\",\"data\":[]}","brand":"google","model":"pixel3a","tip":"重置机型成功"}}
{"level":"info","message":{"data":"{\"code\":0,\"success\":true,\"msg\":\"请求成功\",\"request_ip\":\"114.93.3.27\",\"data\":\"更新成功\"}","tip":"切换代理IP成功"}}
{"level":"error","name":"unknown error"}
{"level":"info","message":{"time":"2024/6/8 12:19:06","tip":"打开网站"}}
{"level":"info","message":{"time":"2024/6/8 12:19:24","tip":"网站已打开"}}
{"level":"info","message":{"time":"2024/6/8 12:19:25","tip":"广告曝光"}}
{"level":"info","message":{"tip":"广告曝光 数量1"}}
{"level":"info","message":{"time":"2024/6/8 12:19:49","tip":"进入子页面"}}
{"level":"info","message":{"time":"2024/6/8 12:19:58","tip":"c-广告曝光"}}
{"level":"info","message":{"tip":"c-广告曝光 数量1"}}
{"level":"info","message":{"body":"{\"code\":200,\"msg\":\"提交成功\",\"data\":[]}","brand":"google","model":"pixel3a","tip":"重置机型成功"}}
{"level":"info","message":{"data":"{\"code\":0,\"success\":true,\"msg\":\"请求成功\",\"request_ip\":\"114.93.3.27\",\"data\":\"更新成功\"}","tip":"切换代理IP成功"}}
{"level":"error","name":"unknown error"}
{"level":"info","message":{"time":"2024/6/8 12:21:05","tip":"打开网站"}}
{"level":"info","message":{"time":"2024/6/8 12:21:22","tip":"网站已打开"}}
{"level":"info","message":{"time":"2024/6/8 12:21:23","tip":"广告曝光"}}
{"level":"info","message":{"tip":"广告曝光 数量1"}}
{"level":"info","message":{"time":"2024/6/8 12:21:56","tip":"广告点击","type":"adv1"}}
{"level":"info","message":{"time":"2024/6/8 12:22:17","tip":"广告页面加载完成","type":"adv1"}}
{"level":"info","message":{"body":"{\"code\":200,\"msg\":\"提交成功\",\"data\":[]}","brand":"google","model":"pixel5","tip":"重置机型成功"}}
{"level":"info","message":{"data":"{\"code\":0,\"success\":true,\"msg\":\"请求成功\",\"request_ip\":\"114.93.3.27\",\"data\":\"更新成功\"}","tip":"切换代理IP成功"}}
{"level":"error","name":"unknown error"}
{"level":"info","message":{"time":"2024/6/8 12:23:03","tip":"打开网站"}}
{"level":"info","message":{"time":"2024/6/8 12:23:21","tip":"网站已打开"}}
{"level":"info","message":{"time":"2024/6/8 12:23:21","tip":"广告曝光"}}
{"level":"info","message":{"tip":"广告曝光 数量1"}}
{"level":"info","message":{"time":"2024/6/8 12:23:45","tip":"广告点击","type":"adv1"}}
{"level":"info","message":{"time":"2024/6/8 12:24:05","tip":"广告页面加载完成","type":"adv1"}}
{"level":"info","message":{"body":"{\"code\":200,\"msg\":\"提交成功\",\"data\":[]}","brand":"google","model":"pixel3a","tip":"重置机型成功"}}
{"level":"info","message":{"data":"{\"code\":0,\"success\":true,\"msg\":\"请求成功\",\"request_ip\":\"114.93.3.27\",\"data\":\"更新成功\"}","tip":"切换代理IP成功"}}
{"level":"error","name":"unknown error"}
{"level":"info","message":{"time":"2024/6/8 12:24:58","tip":"打开网站"}}
{"level":"info","message":{"time":"2024/6/8 12:25:17","tip":"网站已打开"}}
{"level":"info","message":{"time":"2024/6/8 12:25:17","tip":"广告曝光"}}
{"level":"info","message":{"tip":"广告曝光 数量1"}}
{"level":"info","message":{"body":"{\"code\":200,\"msg\":\"提交成功\",\"data\":[]}","brand":"google","model":"pixel3a","tip":"重置机型成功"}}
{"level":"info","message":{"data":"{\"code\":0,\"success\":true,\"msg\":\"请求成功\",\"request_ip\":\"114.93.3.27\",\"data\":\"更新成功\"}","tip":"切换代理IP成功"}}
{"level":"error","name":"unknown error"}
{"level":"info","message":{"time":"2024/6/8 12:26:28","tip":"打开网站"}}
{"level":"info","message":{"time":"2024/6/8 12:26:45","tip":"网站已打开"}}
{"level":"info","message":{"time":"2024/6/8 12:26:46","tip":"广告曝光"}}
{"level":"info","message":{"tip":"广告曝光 数量1"}}
{"level":"info","message":{"body":"{\"code\":200,\"msg\":\"提交成功\",\"data\":[]}","brand":"google","model":"pixel5","tip":"重置机型成功"}}
{"level":"info","message":{"data":"{\"code\":0,\"success\":true,\"msg\":\"请求成功\",\"request_ip\":\"114.93.3.27\",\"data\":\"更新成功\"}","tip":"切换代理IP成功"}}
{"level":"error","name":"unknown error"}
{"level":"info","message":{"time":"2024/6/8 12:27:47","tip":"打开网站"}}
{"level":"info","message":{"time":"2024/6/8 12:28:04","tip":"网站已打开"}}
{"level":"info","message":{"time":"2024/6/8 12:28:04","tip":"广告曝光"}}
{"level":"info","message":{"tip":"广告曝光 数量1"}}
{"level":"info","message":{"time":"2024/6/8 12:28:31","tip":"进入子页面"}}
{"level":"info","message":{"time":"2024/6/8 12:28:39","tip":"c-广告曝光"}}
{"level":"info","message":{"tip":"c-广告曝光 数量1"}}
{"level":"info","message":{"body":"{\"code\":200,\"msg\":\"提交成功\",\"data\":[]}","brand":"google","model":"pixel3a","tip":"重置机型成功"}}
{"level":"info","message":{"data":"{\"code\":0,\"success\":true,\"msg\":\"请求成功\",\"request_ip\":\"114.93.3.27\",\"data\":\"更新成功\"}","tip":"切换代理IP成功"}}
{"level":"error","name":"unknown error"}
{"level":"info","message":{"time":"2024/6/8 12:29:41","tip":"打开网站"}}
{"level":"info","message":{"time":"2024/6/8 12:29:59","tip":"网站已打开"}}
{"level":"info","message":{"time":"2024/6/8 12:30:00","tip":"广告曝光"}}
{"level":"info","message":{"tip":"广告曝光 数量1"}}
{"level":"info","message":{"time":"2024/6/8 12:30:29","tip":"进入子页面"}}
{"level":"info","message":{"time":"2024/6/8 12:30:38","tip":"c-广告曝光"}}
{"level":"info","message":{"tip":"c-广告曝光 数量1"}}
{"level":"info","message":"开始：2024/6/8 13:38:23"}
{"level":"info","message":{"body":"{\"code\":200,\"msg\":\"提交成功\",\"data\":[]}","brand":"google","model":"Pixel 4a","tip":"重置机型成功"}}
{"level":"info","message":{"data":"{\"code\":0,\"success\":true,\"msg\":\"请求成功\",\"request_ip\":\"114.93.3.27\",\"data\":\"更新成功\"}","tip":"切换代理IP成功"}}
{"level":"info","message":{"time":"2024/6/8 13:39:04","tip":"打开网站"}}
{"level":"info","message":{"time":"2024/6/8 13:39:22","tip":"网站已打开"}}
{"level":"info","message":{"time":"2024/6/8 13:39:22","tip":"广告曝光"}}
{"level":"info","message":{"tip":"广告曝光 数量1"}}
{"level":"info","message":{"time":"2024/6/8 13:39:49","tip":"进入子页面"}}
{"level":"info","message":"开始：2024/6/8 13:40:02"}
{"level":"info","message":{"body":"{\"code\":200,\"msg\":\"提交成功\",\"data\":[]}","brand":"google","model":"Pixel 4a","tip":"重置机型成功"}}
{"level":"info","message":{"data":"{\"code\":0,\"success\":true,\"msg\":\"请求成功\",\"request_ip\":\"114.93.3.27\",\"data\":\"更新成功\"}","tip":"切换代理IP成功"}}
{"level":"info","message":{"time":"2024/6/8 13:40:41","tip":"打开网站"}}
{"level":"info","message":{"time":"2024/6/8 13:40:59","tip":"网站已打开"}}
{"level":"info","message":{"time":"2024/6/8 13:41:00","tip":"adv1广告加载失败"}}
{"level":"info","message":{"body":"{\"code\":200,\"msg\":\"提交成功\",\"data\":[]}","brand":"google","model":"Pixel 4a","tip":"重置机型成功"}}
{"level":"info","message":{"data":"{\"code\":0,\"success\":true,\"msg\":\"请求成功\",\"request_ip\":\"114.93.3.27\",\"data\":\"更新成功\"}","tip":"切换代理IP成功"}}
{"level":"error","name":"unknown error"}
{"level":"info","message":{"body":"{\"code\":200,\"msg\":\"提交成功\",\"data\":[]}","brand":"google","model":"pixel3a","tip":"重置机型成功"}}
{"level":"info","message":{"data":"{\"code\":0,\"success\":true,\"msg\":\"请求成功\",\"request_ip\":\"114.93.3.27\",\"data\":\"更新成功\"}","tip":"切换代理IP成功"}}
{"level":"error","name":"unknown error"}
{"level":"info","message":{"time":"2024/6/8 13:41:49","tip":"打开网站"}}
{"level":"info","message":{"time":"2024/6/8 13:41:54","tip":"打开网站"}}
{"level":"info","message":{"time":"2024/6/8 13:42:07","tip":"网站已打开"}}
{"level":"info","message":{"time":"2024/6/8 13:42:07","tip":"广告曝光"}}
{"level":"info","message":{"time":"2024/6/8 13:42:12","tip":"网站已打开"}}
{"level":"info","message":{"time":"2024/6/8 13:42:12","tip":"广告曝光"}}
{"level":"info","message":{"tip":"广告曝光 数量1"}}
{"level":"info","message":{"tip":"广告曝光 数量1"}}
{"level":"error","name":"unknown error"}
{"level":"error","name":"unknown error"}
{"level":"info","message":"开始：2024/6/8 13:42:37"}
{"level":"info","message":{"body":"{\"code\":200,\"msg\":\"提交成功\",\"data\":[]}","brand":"google","model":"pixel3a","tip":"重置机型成功"}}
{"level":"info","message":{"data":"{\"code\":0,\"success\":true,\"msg\":\"请求成功\",\"request_ip\":\"114.93.3.27\",\"data\":\"更新成功\"}","tip":"切换代理IP成功"}}
{"level":"info","message":"开始：2024/6/8 13:42:37"}
{"level":"info","message":{"body":"{\"code\":200,\"msg\":\"提交成功\",\"data\":[]}","brand":"google","model":"pixel5","tip":"重置机型成功"}}
{"level":"info","message":{"data":"{\"code\":0,\"success\":true,\"msg\":\"请求成功\",\"request_ip\":\"114.93.3.27\",\"data\":\"更新成功\"}","tip":"切换代理IP成功"}}
{"level":"info","message":"开始：2024/6/8 13:42:37"}
{"level":"info","message":{"body":"{\"code\":200,\"msg\":\"提交成功\",\"data\":[]}","brand":"google","model":"pixel5","tip":"重置机型成功"}}
{"level":"info","message":{"data":"{\"code\":0,\"success\":true,\"msg\":\"请求成功\",\"request_ip\":\"114.93.3.27\",\"data\":\"更新成功\"}","tip":"切换代理IP成功"}}
{"level":"info","message":"开始：2024/6/8 13:42:37"}
{"level":"info","message":{"body":"{\"code\":200,\"msg\":\"提交成功\",\"data\":[]}","brand":"google","model":"pixel5","tip":"重置机型成功"}}
{"level":"info","message":{"data":"{\"code\":0,\"success\":true,\"msg\":\"请求成功\",\"request_ip\":\"114.93.3.27\",\"data\":\"更新成功\"}","tip":"切换代理IP成功"}}
{"level":"info","message":"开始：2024/6/8 13:42:37"}
{"level":"info","message":{"body":"{\"code\":200,\"msg\":\"提交成功\",\"data\":[]}","brand":"google","model":"pixel5","tip":"重置机型成功"}}
{"level":"info","message":{"data":"{\"code\":0,\"success\":true,\"msg\":\"请求成功\",\"request_ip\":\"114.93.3.27\",\"data\":\"更新成功\"}","tip":"切换代理IP成功"}}
{"level":"info","message":"开始：2024/6/8 13:42:37"}
{"level":"info","message":{"body":"{\"code\":200,\"msg\":\"提交成功\",\"data\":[]}","brand":"google","model":"pixel3a","tip":"重置机型成功"}}
{"level":"info","message":{"data":"{\"code\":0,\"success\":true,\"msg\":\"请求成功\",\"request_ip\":\"114.93.3.27\",\"data\":\"更新成功\"}","tip":"切换代理IP成功"}}
{"level":"info","message":"开始：2024/6/8 13:42:37"}
{"level":"info","message":{"body":"{\"code\":200,\"msg\":\"提交成功\",\"data\":[]}","brand":"google","model":"pixel3a","tip":"重置机型成功"}}
{"level":"info","message":{"data":"{\"code\":0,\"success\":true,\"msg\":\"请求成功\",\"request_ip\":\"114.93.3.27\",\"data\":\"更新成功\"}","tip":"切换代理IP成功"}}
{"level":"info","message":"开始：2024/6/8 13:42:37"}
{"level":"info","message":{"body":"{\"code\":200,\"msg\":\"提交成功\",\"data\":[]}","brand":"google","model":"pixel3a","tip":"重置机型成功"}}
{"level":"info","message":{"data":"{\"code\":0,\"success\":true,\"msg\":\"请求成功\",\"request_ip\":\"114.93.3.27\",\"data\":\"更新成功\"}","tip":"切换代理IP成功"}}
{"level":"info","message":{"time":"2024/6/8 13:45:55","tip":"打开网站"}}
{"level":"info","message":{"time":"2024/6/8 13:46:13","tip":"网站已打开"}}
{"level":"info","message":{"time":"2024/6/8 13:46:13","tip":"广告曝光"}}
{"level":"info","message":{"tip":"广告曝光 数量1"}}
{"level":"info","message":{"body":"{\"code\":200,\"msg\":\"提交成功\",\"data\":[]}","brand":"google","model":"pixel5","tip":"重置机型成功"}}
{"level":"info","message":{"data":"{\"code\":0,\"success\":true,\"msg\":\"请求成功\",\"request_ip\":\"114.93.3.27\",\"data\":\"更新成功\"}","tip":"切换代理IP成功"}}
{"level":"error","name":"unknown error"}
{"level":"info","message":{"time":"2024/6/8 13:47:18","tip":"打开网站"}}
{"level":"info","message":{"time":"2024/6/8 13:47:36","tip":"网站已打开"}}
{"level":"info","message":{"time":"2024/6/8 13:47:36","tip":"广告曝光"}}
{"level":"info","message":{"tip":"广告曝光 数量1"}}
{"level":"info","message":{"time":"2024/6/8 13:48:05","tip":"进入子页面"}}
{"level":"info","message":{"time":"2024/6/8 13:48:14","tip":"c-广告曝光"}}
{"level":"info","message":{"tip":"c-广告曝光 数量1"}}
{"level":"info","message":{"body":"{\"code\":200,\"msg\":\"提交成功\",\"data\":[]}","brand":"google","model":"Pixel 6","tip":"重置机型成功"}}
{"level":"info","message":{"data":"{\"code\":0,\"success\":true,\"msg\":\"请求成功\",\"request_ip\":\"114.93.3.27\",\"data\":\"更新成功\"}","tip":"切换代理IP成功"}}
{"level":"error","name":"unknown error"}
{"level":"info","message":{"time":"2024/6/8 13:50:44","tip":"打开网站"}}
{"level":"info","message":{"time":"2024/6/8 13:51:01","tip":"网站已打开"}}
{"level":"info","message":{"time":"2024/6/8 13:51:02","tip":"广告曝光"}}
{"level":"info","message":{"tip":"广告曝光 数量1"}}
{"level":"info","message":{"time":"2024/6/8 13:51:30","tip":"进入子页面"}}
{"level":"info","message":{"time":"2024/6/8 13:51:39","tip":"c-广告曝光"}}
{"level":"info","message":{"tip":"c-广告曝光 数量1"}}
{"level":"info","message":{"tip":"切换到窗口 143630D4100DD0515EA932CA580A007E"}}
{"level":"info","message":{"tip":"窗口 143630D4100DD0515EA932CA580A007E Cookies 已成功清除"}}
{"level":"info","message":{"tip":"窗口 143630D4100DD0515EA932CA580A007E LocalStorage 已成功清除"}}
{"level":"info","message":{"body":"{\"code\":200,\"msg\":\"提交成功\",\"data\":[]}","brand":"google","model":"pixel3a","tip":"重置机型成功"}}
{"level":"info","message":{"data":"{\"code\":0,\"success\":true,\"msg\":\"请求成功\",\"request_ip\":\"114.93.3.27\",\"data\":\"更新成功\"}","tip":"切换代理IP成功"}}
{"level":"info","message":{"time":"2024/6/8 13:52:23","tip":"打开网站"}}
{"level":"info","message":{"time":"2024/6/8 13:52:40","tip":"网站已打开"}}
{"level":"info","message":{"time":"2024/6/8 13:52:41","tip":"广告曝光"}}
{"level":"info","message":{"tip":"广告曝光 数量1"}}
{"level":"info","message":{"time":"2024/6/8 13:53:08","tip":"进入子页面"}}
{"level":"info","message":{"time":"2024/6/8 13:53:17","tip":"c-广告曝光"}}
{"level":"info","message":{"tip":"c-广告曝光 数量1"}}
{"level":"info","message":{"tip":"切换到窗口 143630D4100DD0515EA932CA580A007E"}}
{"level":"info","message":{"tip":"窗口 143630D4100DD0515EA932CA580A007E Cookies 已成功清除"}}
{"level":"info","message":{"tip":"窗口 143630D4100DD0515EA932CA580A007E LocalStorage 已成功清除"}}
{"level":"info","message":{"body":"{\"code\":200,\"msg\":\"提交成功\",\"data\":[]}","brand":"google","model":"Pixel 4a","tip":"重置机型成功"}}
{"level":"info","message":{"data":"{\"code\":0,\"success\":true,\"msg\":\"请求成功\",\"request_ip\":\"114.93.3.27\",\"data\":\"更新成功\"}","tip":"切换代理IP成功"}}
{"level":"info","message":{"time":"2024/6/8 13:53:54","tip":"打开网站"}}
{"level":"info","message":{"time":"2024/6/8 13:54:12","tip":"网站已打开"}}
{"level":"info","message":{"time":"2024/6/8 13:54:12","tip":"广告曝光"}}
{"level":"info","message":{"tip":"广告曝光 数量1"}}
{"level":"info","message":{"tip":"切换到窗口 143630D4100DD0515EA932CA580A007E"}}
{"level":"info","message":{"tip":"窗口 143630D4100DD0515EA932CA580A007E Cookies 已成功清除"}}
{"level":"info","message":{"tip":"窗口 143630D4100DD0515EA932CA580A007E LocalStorage 已成功清除"}}
{"level":"info","message":{"body":"{\"code\":200,\"msg\":\"提交成功\",\"data\":[]}","brand":"google","model":"pixel3a","tip":"重置机型成功"}}
{"level":"info","message":{"data":"{\"code\":0,\"success\":true,\"msg\":\"请求成功\",\"request_ip\":\"114.93.3.27\",\"data\":\"更新成功\"}","tip":"切换代理IP成功"}}
{"level":"info","message":{"time":"2024/6/8 13:54:48","tip":"打开网站"}}
{"level":"info","message":{"time":"2024/6/8 13:55:05","tip":"网站已打开"}}
{"level":"info","message":{"time":"2024/6/8 13:55:05","tip":"广告曝光"}}
{"level":"info","message":{"tip":"广告曝光 数量1"}}
{"level":"info","message":{"time":"2024/6/8 13:55:26","tip":"进入子页面"}}
{"level":"info","message":{"time":"2024/6/8 13:55:35","tip":"c-广告曝光"}}
{"level":"info","message":{"tip":"c-广告曝光 数量1"}}
{"level":"info","message":{"tip":"切换到窗口 143630D4100DD0515EA932CA580A007E"}}
{"level":"info","message":{"tip":"窗口 143630D4100DD0515EA932CA580A007E Cookies 已成功清除"}}
{"level":"info","message":{"tip":"窗口 143630D4100DD0515EA932CA580A007E LocalStorage 已成功清除"}}
{"level":"info","message":{"body":"{\"code\":200,\"msg\":\"提交成功\",\"data\":[]}","brand":"google","model":"Pixel 6","tip":"重置机型成功"}}
{"level":"info","message":{"data":"{\"code\":0,\"success\":true,\"msg\":\"请求成功\",\"request_ip\":\"114.93.3.27\",\"data\":\"更新成功\"}","tip":"切换代理IP成功"}}
{"level":"info","message":{"time":"2024/6/8 13:56:15","tip":"打开网站"}}
{"level":"info","message":{"time":"2024/6/8 13:56:33","tip":"网站已打开"}}
{"level":"info","message":{"time":"2024/6/8 13:56:33","tip":"广告曝光"}}
{"level":"info","message":{"tip":"广告曝光 数量1"}}
{"level":"info","message":{"time":"2024/6/8 13:57:00","tip":"进入子页面"}}
{"level":"info","message":{"time":"2024/6/8 13:57:09","tip":"c-广告曝光"}}
{"level":"info","message":{"tip":"c-广告曝光 数量1"}}
{"level":"info","message":{"tip":"切换到窗口 143630D4100DD0515EA932CA580A007E"}}
{"level":"info","message":{"tip":"窗口 143630D4100DD0515EA932CA580A007E Cookies 已成功清除"}}
{"level":"info","message":{"tip":"窗口 143630D4100DD0515EA932CA580A007E LocalStorage 已成功清除"}}
{"level":"info","message":{"body":"{\"code\":200,\"msg\":\"提交成功\",\"data\":[]}","brand":"google","model":"pixel3a","tip":"重置机型成功"}}
{"level":"info","message":{"data":"{\"code\":0,\"success\":true,\"msg\":\"请求成功\",\"request_ip\":\"114.93.3.27\",\"data\":\"更新成功\"}","tip":"切换代理IP成功"}}
{"level":"info","message":{"time":"2024/6/8 13:57:45","tip":"打开网站"}}
{"level":"info","message":{"time":"2024/6/8 13:58:03","tip":"网站已打开"}}
{"level":"info","message":{"time":"2024/6/8 13:58:03","tip":"广告曝光"}}
{"level":"info","message":{"tip":"广告曝光 数量1"}}
{"level":"info","message":{"time":"2024/6/8 13:58:29","tip":"进入子页面"}}
{"level":"info","message":{"time":"2024/6/8 13:58:37","tip":"c-广告曝光"}}
{"level":"info","message":{"tip":"c-广告曝光 数量1"}}
{"level":"info","message":{"tip":"切换到窗口 143630D4100DD0515EA932CA580A007E"}}
{"level":"info","message":{"tip":"窗口 143630D4100DD0515EA932CA580A007E Cookies 已成功清除"}}
{"level":"info","message":{"tip":"窗口 143630D4100DD0515EA932CA580A007E LocalStorage 已成功清除"}}
{"level":"info","message":{"body":"{\"code\":200,\"msg\":\"提交成功\",\"data\":[]}","brand":"google","model":"Pixel 4a","tip":"重置机型成功"}}
{"level":"info","message":{"data":"{\"code\":0,\"success\":true,\"msg\":\"请求成功\",\"request_ip\":\"114.93.3.27\",\"data\":\"更新成功\"}","tip":"切换代理IP成功"}}
{"level":"info","message":{"time":"2024/6/8 13:59:23","tip":"打开网站"}}
{"level":"info","message":{"time":"2024/6/8 13:59:40","tip":"网站已打开"}}
{"level":"info","message":{"time":"2024/6/8 13:59:41","tip":"广告曝光"}}
{"level":"info","message":{"tip":"广告曝光 数量1"}}
{"level":"info","message":{"time":"2024/6/8 14:00:06","tip":"进入子页面"}}
{"level":"error"}
{"level":"info","message":{"body":"{\"code\":200,\"msg\":\"提交成功\",\"data\":[]}","brand":"google","model":"Pixel 4a","tip":"重置机型成功"}}
{"level":"info","message":{"data":"{\"code\":0,\"success\":true,\"msg\":\"请求成功\",\"request_ip\":\"114.93.3.27\",\"data\":\"更新成功\"}","tip":"切换代理IP成功"}}
{"level":"error","name":"unknown error"}
{"level":"info","message":{"time":"2024/6/8 14:01:23","tip":"打开网站"}}
{"level":"info","message":{"time":"2024/6/8 14:01:40","tip":"网站已打开"}}
{"level":"info","message":{"time":"2024/6/8 14:01:41","tip":"广告曝光"}}
{"level":"info","message":{"tip":"广告曝光 数量1"}}
{"level":"info","message":{"body":"{\"code\":200,\"msg\":\"提交成功\",\"data\":[]}","brand":"google","model":"pixel5","tip":"重置机型成功"}}
{"level":"info","message":{"data":"{\"code\":0,\"success\":true,\"msg\":\"请求成功\",\"request_ip\":\"114.93.3.27\",\"data\":\"更新成功\"}","tip":"切换代理IP成功"}}
{"level":"error","name":"unknown error"}
{"level":"info","message":{"time":"2024/6/8 14:02:38","tip":"打开网站"}}
{"level":"info","message":{"time":"2024/6/8 14:02:55","tip":"网站已打开"}}
{"level":"info","message":{"time":"2024/6/8 14:02:56","tip":"广告曝光"}}
{"level":"info","message":{"tip":"广告曝光 数量1"}}
{"level":"info","message":{"time":"2024/6/8 14:03:19","tip":"进入子页面"}}
{"level":"info","message":{"time":"2024/6/8 14:03:28","tip":"c-广告曝光"}}
{"level":"info","message":{"tip":"c-广告曝光 数量1"}}
{"level":"info","message":{"body":"{\"code\":200,\"msg\":\"提交成功\",\"data\":[]}","brand":"google","model":"Pixel 6","tip":"重置机型成功"}}
{"level":"info","message":{"data":"{\"code\":0,\"success\":true,\"msg\":\"请求成功\",\"request_ip\":\"114.93.3.27\",\"data\":\"更新成功\"}","tip":"切换代理IP成功"}}
{"level":"error","name":"unknown error"}
{"level":"info","message":{"time":"2024/6/8 14:04:28","tip":"打开网站"}}
{"level":"info","message":{"time":"2024/6/8 14:04:46","tip":"网站已打开"}}
{"level":"info","message":{"time":"2024/6/8 14:04:46","tip":"广告曝光"}}
{"level":"info","message":{"tip":"广告曝光 数量1"}}
{"level":"info","message":{"time":"2024/6/8 14:05:11","tip":"进入子页面"}}
{"level":"info","message":{"time":"2024/6/8 14:05:20","tip":"c-广告曝光"}}
{"level":"info","message":{"tip":"c-广告曝光 数量1"}}
{"level":"info","message":{"body":"{\"code\":200,\"msg\":\"提交成功\",\"data\":[]}","brand":"google","model":"Pixel 4a","tip":"重置机型成功"}}
{"level":"info","message":{"data":"{\"code\":0,\"success\":true,\"msg\":\"请求成功\",\"request_ip\":\"114.93.3.27\",\"data\":\"更新成功\"}","tip":"切换代理IP成功"}}
{"level":"error","name":"unknown error"}
{"level":"info","message":{"time":"2024/6/8 14:06:18","tip":"打开网站"}}
{"level":"info","message":{"time":"2024/6/8 14:06:36","tip":"网站已打开"}}
{"level":"info","message":{"time":"2024/6/8 14:06:36","tip":"广告曝光"}}
{"level":"info","message":{"tip":"广告曝光 数量1"}}
{"level":"info","message":{"time":"2024/6/8 14:07:02","tip":"进入子页面"}}
{"level":"info","message":{"time":"2024/6/8 14:07:11","tip":"c-广告曝光"}}
{"level":"info","message":{"tip":"c-广告曝光 数量1"}}
{"level":"info","message":{"time":"2024/6/8 14:07:49","tip":"广告点击","type":"c-iframe"}}
{"level":"info","message":{"time":"2024/6/8 14:08:09","tip":"广告页面加载完成","type":"c-iframe"}}
{"level":"info","message":{"body":"{\"code\":200,\"msg\":\"提交成功\",\"data\":[]}","brand":"google","model":"Pixel 4a","tip":"重置机型成功"}}
{"level":"info","message":{"data":"{\"code\":0,\"success\":true,\"msg\":\"请求成功\",\"request_ip\":\"114.93.3.27\",\"data\":\"更新成功\"}","tip":"切换代理IP成功"}}
{"level":"error","name":"unknown error"}
{"level":"info","message":{"time":"2024/6/8 14:08:50","tip":"打开网站"}}
{"level":"info","message":{"time":"2024/6/8 14:09:08","tip":"网站已打开"}}
{"level":"info","message":{"time":"2024/6/8 14:09:08","tip":"广告曝光"}}
{"level":"info","message":{"tip":"广告曝光 数量1"}}
{"level":"info","message":{"body":"{\"code\":200,\"msg\":\"提交成功\",\"data\":[]}","brand":"google","model":"Pixel 4a","tip":"重置机型成功"}}
{"level":"info","message":{"data":"{\"code\":0,\"success\":true,\"msg\":\"请求成功\",\"request_ip\":\"114.93.3.27\",\"data\":\"更新成功\"}","tip":"切换代理IP成功"}}
{"level":"error","name":"unknown error"}
{"level":"info","message":{"time":"2024/6/8 14:10:19","tip":"打开网站"}}
{"level":"info","message":{"time":"2024/6/8 14:10:36","tip":"网站已打开"}}
{"level":"info","message":{"time":"2024/6/8 14:10:36","tip":"广告曝光"}}
{"level":"info","message":{"tip":"广告曝光 数量1"}}
{"level":"info","message":{"time":"2024/6/8 14:11:00","tip":"进入子页面"}}
{"level":"info","message":{"time":"2024/6/8 14:11:08","tip":"c-广告曝光"}}
{"level":"info","message":{"tip":"c-广告曝光 数量1"}}
{"level":"info","message":{"body":"{\"code\":200,\"msg\":\"提交成功\",\"data\":[]}","brand":"google","model":"Pixel 4a","tip":"重置机型成功"}}
{"level":"info","message":{"data":"{\"code\":0,\"success\":true,\"msg\":\"请求成功\",\"request_ip\":\"114.93.3.27\",\"data\":\"更新成功\"}","tip":"切换代理IP成功"}}
{"level":"error","name":"unknown error"}
{"level":"info","message":{"time":"2024/6/8 14:12:12","tip":"打开网站"}}
{"level":"info","message":{"time":"2024/6/8 14:12:30","tip":"网站已打开"}}
{"level":"info","message":{"time":"2024/6/8 14:12:30","tip":"广告曝光"}}
{"level":"info","message":{"tip":"广告曝光 数量1"}}
{"level":"info","message":{"time":"2024/6/8 14:12:53","tip":"进入子页面"}}
{"level":"info","message":{"time":"2024/6/8 14:13:01","tip":"c-广告曝光"}}
{"level":"info","message":{"tip":"c-广告曝光 数量1"}}
{"level":"info","message":{"body":"{\"code\":200,\"msg\":\"提交成功\",\"data\":[]}","brand":"google","model":"Pixel 4a","tip":"重置机型成功"}}
{"level":"info","message":{"data":"{\"code\":0,\"success\":true,\"msg\":\"请求成功\",\"request_ip\":\"114.93.3.27\",\"data\":\"更新成功\"}","tip":"切换代理IP成功"}}
{"level":"error","name":"unknown error"}
{"level":"info","message":{"time":"2024/6/8 14:14:02","tip":"打开网站"}}
{"level":"info","message":{"time":"2024/6/8 14:14:20","tip":"网站已打开"}}
{"level":"info","message":{"time":"2024/6/8 14:14:20","tip":"广告曝光"}}
{"level":"info","message":{"tip":"广告曝光 数量1"}}
{"level":"info","message":{"time":"2024/6/8 14:14:43","tip":"进入子页面"}}
{"level":"info","message":{"time":"2024/6/8 14:14:52","tip":"c-广告曝光"}}
{"level":"info","message":{"tip":"c-广告曝光 数量1"}}
{"level":"info","message":{"body":"{\"code\":200,\"msg\":\"提交成功\",\"data\":[]}","brand":"google","model":"pixel3a","tip":"重置机型成功"}}
{"level":"info","message":{"data":"{\"code\":0,\"success\":true,\"msg\":\"请求成功\",\"request_ip\":\"114.93.3.27\",\"data\":\"更新成功\"}","tip":"切换代理IP成功"}}
{"level":"error","name":"unknown error"}
{"level":"info","message":{"time":"2024/6/8 14:15:53","tip":"打开网站"}}
{"level":"info","message":{"time":"2024/6/8 14:16:10","tip":"网站已打开"}}
{"level":"info","message":{"time":"2024/6/8 14:16:10","tip":"广告曝光"}}
{"level":"info","message":{"tip":"广告曝光 数量1"}}
{"level":"info","message":{"time":"2024/6/8 14:16:34","tip":"进入子页面"}}
{"level":"info","message":{"time":"2024/6/8 14:16:42","tip":"c-广告曝光"}}
{"level":"info","message":{"tip":"c-广告曝光 数量1"}}
{"level":"info","message":{"body":"{\"code\":200,\"msg\":\"提交成功\",\"data\":[]}","brand":"google","model":"pixel5","tip":"重置机型成功"}}
{"level":"info","message":{"data":"{\"code\":0,\"success\":true,\"msg\":\"请求成功\",\"request_ip\":\"114.93.3.27\",\"data\":\"更新成功\"}","tip":"切换代理IP成功"}}
{"level":"error","name":"unknown error"}
{"level":"info","message":{"time":"2024/6/8 14:18:55","tip":"打开网站"}}
{"level":"info","message":{"time":"2024/6/8 14:19:13","tip":"网站已打开"}}
{"level":"info","message":{"time":"2024/6/8 14:19:13","tip":"广告曝光"}}
{"level":"info","message":{"tip":"广告曝光 数量1"}}
{"level":"info","message":{"time":"2024/6/8 14:19:40","tip":"进入子页面"}}
{"level":"info","message":{"time":"2024/6/8 14:19:49","tip":"c-广告曝光"}}
{"level":"info","message":{"tip":"c-广告曝光 数量1"}}
{"level":"info","message":{"tip":"切换到窗口 5716A2176B80E151EA814A009A2858CE"}}
{"level":"info","message":{"tip":"窗口 5716A2176B80E151EA814A009A2858CE Cookies 已成功清除"}}
{"level":"info","message":{"tip":"窗口 5716A2176B80E151EA814A009A2858CE LocalStorage 已成功清除"}}
{"level":"info","message":{"body":"{\"code\":200,\"msg\":\"提交成功\",\"data\":[]}","brand":"google","model":"pixel3a","tip":"重置机型成功"}}
{"level":"info","message":{"data":"{\"code\":0,\"success\":true,\"msg\":\"请求成功\",\"request_ip\":\"114.93.3.27\",\"data\":\"更新成功\"}","tip":"切换代理IP成功"}}
{"level":"info","message":{"time":"2024/6/8 14:20:25","tip":"打开网站"}}
{"level":"info","message":{"time":"2024/6/8 14:20:42","tip":"网站已打开"}}
{"level":"info","message":{"time":"2024/6/8 14:20:43","tip":"广告曝光"}}
{"level":"info","message":{"tip":"广告曝光 数量1"}}
{"level":"info","message":{"time":"2024/6/8 14:21:04","tip":"进入子页面"}}
{"level":"info","message":{"time":"2024/6/8 14:21:14","tip":"c-广告曝光"}}
{"level":"info","message":{"tip":"c-广告曝光 数量1"}}
{"level":"info","message":{"tip":"切换到窗口 5716A2176B80E151EA814A009A2858CE"}}
{"level":"info","message":{"tip":"窗口 5716A2176B80E151EA814A009A2858CE Cookies 已成功清除"}}
{"level":"info","message":{"tip":"窗口 5716A2176B80E151EA814A009A2858CE LocalStorage 已成功清除"}}
{"level":"info","message":{"body":"{\"code\":200,\"msg\":\"提交成功\",\"data\":[]}","brand":"google","model":"Pixel 6","tip":"重置机型成功"}}
{"level":"info","message":{"data":"{\"code\":0,\"success\":true,\"msg\":\"请求成功\",\"request_ip\":\"114.93.3.27\",\"data\":\"更新成功\"}","tip":"切换代理IP成功"}}
{"level":"info","message":{"time":"2024/6/8 14:21:44","tip":"打开网站"}}
{"level":"info","message":{"time":"2024/6/8 14:22:01","tip":"网站已打开"}}
{"level":"info","message":{"time":"2024/6/8 14:22:01","tip":"广告曝光"}}
{"level":"info","message":{"tip":"广告曝光 数量1"}}
{"level":"info","message":{"tip":"切换到窗口 5716A2176B80E151EA814A009A2858CE"}}
{"level":"info","message":{"tip":"窗口 5716A2176B80E151EA814A009A2858CE Cookies 已成功清除"}}
{"level":"info","message":{"tip":"窗口 5716A2176B80E151EA814A009A2858CE LocalStorage 已成功清除"}}
{"level":"info","message":{"body":"{\"code\":200,\"msg\":\"提交成功\",\"data\":[]}","brand":"google","model":"Pixel 6","tip":"重置机型成功"}}
{"level":"info","message":{"data":"{\"code\":0,\"success\":true,\"msg\":\"请求成功\",\"request_ip\":\"114.93.3.27\",\"data\":\"更新成功\"}","tip":"切换代理IP成功"}}
{"level":"info","message":{"time":"2024/6/8 14:22:35","tip":"打开网站"}}
{"level":"info","message":{"time":"2024/6/8 14:22:52","tip":"网站已打开"}}
{"level":"info","message":{"time":"2024/6/8 14:22:53","tip":"广告曝光"}}
{"level":"info","message":{"tip":"广告曝光 数量1"}}
{"level":"info","message":{"time":"2024/6/8 14:23:17","tip":"进入子页面"}}
{"level":"info","message":{"time":"2024/6/8 14:23:26","tip":"c-广告曝光"}}
{"level":"info","message":{"tip":"c-广告曝光 数量1"}}
{"level":"info","message":{"tip":"切换到窗口 5716A2176B80E151EA814A009A2858CE"}}
{"level":"info","message":{"tip":"窗口 5716A2176B80E151EA814A009A2858CE Cookies 已成功清除"}}
{"level":"info","message":{"tip":"窗口 5716A2176B80E151EA814A009A2858CE LocalStorage 已成功清除"}}
{"level":"info","message":{"body":"{\"code\":200,\"msg\":\"提交成功\",\"data\":[]}","brand":"google","model":"Pixel 4a","tip":"重置机型成功"}}
{"level":"info","message":{"data":"{\"code\":0,\"success\":true,\"msg\":\"请求成功\",\"request_ip\":\"114.93.3.27\",\"data\":\"更新成功\"}","tip":"切换代理IP成功"}}
{"level":"info","message":{"time":"2024/6/8 14:24:03","tip":"打开网站"}}
{"level":"info","message":{"time":"2024/6/8 14:24:21","tip":"网站已打开"}}
{"level":"info","message":{"time":"2024/6/8 14:24:21","tip":"广告曝光"}}
{"level":"info","message":{"tip":"广告曝光 数量1"}}
{"level":"info","message":{"tip":"切换到窗口 5716A2176B80E151EA814A009A2858CE"}}
{"level":"info","message":{"tip":"窗口 5716A2176B80E151EA814A009A2858CE Cookies 已成功清除"}}
{"level":"info","message":{"tip":"窗口 5716A2176B80E151EA814A009A2858CE LocalStorage 已成功清除"}}
{"level":"info","message":{"body":"{\"code\":200,\"msg\":\"提交成功\",\"data\":[]}","brand":"google","model":"pixel3a","tip":"重置机型成功"}}
{"level":"info","message":{"data":"{\"code\":0,\"success\":true,\"msg\":\"请求成功\",\"request_ip\":\"114.93.3.27\",\"data\":\"更新成功\"}","tip":"切换代理IP成功"}}
{"level":"info","message":{"time":"2024/6/8 14:24:55","tip":"打开网站"}}
{"level":"info","message":{"time":"2024/6/8 14:25:13","tip":"网站已打开"}}
{"level":"info","message":{"time":"2024/6/8 14:25:13","tip":"广告曝光"}}
{"level":"info","message":{"tip":"广告曝光 数量1"}}
{"level":"info","message":{"time":"2024/6/8 14:25:39","tip":"进入子页面"}}
{"level":"info","message":{"time":"2024/6/8 14:25:48","tip":"c-广告曝光"}}
{"level":"info","message":{"tip":"c-广告曝光 数量1"}}
{"level":"info","message":{"tip":"切换到窗口 5716A2176B80E151EA814A009A2858CE"}}
{"level":"info","message":{"tip":"窗口 5716A2176B80E151EA814A009A2858CE Cookies 已成功清除"}}
{"level":"info","message":{"tip":"窗口 5716A2176B80E151EA814A009A2858CE LocalStorage 已成功清除"}}
{"level":"info","message":{"body":"{\"code\":200,\"msg\":\"提交成功\",\"data\":[]}","brand":"google","model":"pixel3a","tip":"重置机型成功"}}
{"level":"info","message":{"data":"{\"code\":0,\"success\":true,\"msg\":\"请求成功\",\"request_ip\":\"114.93.3.27\",\"data\":\"更新成功\"}","tip":"切换代理IP成功"}}
{"level":"info","message":{"time":"2024/6/8 14:26:19","tip":"打开网站"}}
{"level":"info","message":{"time":"2024/6/8 14:26:37","tip":"网站已打开"}}
{"level":"info","message":{"time":"2024/6/8 14:26:37","tip":"广告曝光"}}
{"level":"info","message":{"tip":"广告曝光 数量1"}}
{"level":"info","message":{"time":"2024/6/8 14:27:05","tip":"进入子页面"}}
{"level":"info","message":{"time":"2024/6/8 14:27:14","tip":"c-广告曝光"}}
{"level":"info","message":{"tip":"c-广告曝光 数量1"}}
{"level":"info","message":{"tip":"切换到窗口 5716A2176B80E151EA814A009A2858CE"}}
{"level":"info","message":{"tip":"窗口 5716A2176B80E151EA814A009A2858CE Cookies 已成功清除"}}
{"level":"info","message":{"tip":"窗口 5716A2176B80E151EA814A009A2858CE LocalStorage 已成功清除"}}
{"level":"info","message":{"body":"{\"code\":200,\"msg\":\"提交成功\",\"data\":[]}","brand":"google","model":"Pixel 6","tip":"重置机型成功"}}
{"level":"info","message":{"data":"{\"code\":0,\"success\":true,\"msg\":\"请求成功\",\"request_ip\":\"114.93.3.27\",\"data\":\"更新成功\"}","tip":"切换代理IP成功"}}
{"level":"info","message":{"time":"2024/6/8 14:27:48","tip":"打开网站"}}
{"level":"info","message":{"time":"2024/6/8 14:28:05","tip":"网站已打开"}}
{"level":"info","message":{"time":"2024/6/8 14:28:06","tip":"广告曝光"}}
{"level":"info","message":{"tip":"广告曝光 数量1"}}
{"level":"info","message":{"tip":"切换到窗口 5716A2176B80E151EA814A009A2858CE"}}
{"level":"info","message":{"tip":"窗口 5716A2176B80E151EA814A009A2858CE Cookies 已成功清除"}}
{"level":"info","message":{"tip":"窗口 5716A2176B80E151EA814A009A2858CE LocalStorage 已成功清除"}}
{"level":"info","message":{"body":"{\"code\":200,\"msg\":\"提交成功\",\"data\":[]}","brand":"google","model":"pixel3a","tip":"重置机型成功"}}
{"level":"info","message":{"data":"{\"code\":0,\"success\":true,\"msg\":\"请求成功\",\"request_ip\":\"114.93.3.27\",\"data\":\"更新成功\"}","tip":"切换代理IP成功"}}
{"level":"info","message":{"time":"2024/6/8 14:28:35","tip":"打开网站"}}
{"level":"info","message":{"time":"2024/6/8 14:28:52","tip":"网站已打开"}}
{"level":"info","message":{"time":"2024/6/8 14:28:52","tip":"广告曝光"}}
{"level":"info","message":{"tip":"广告曝光 数量1"}}
{"level":"info","message":{"time":"2024/6/8 14:29:19","tip":"进入子页面"}}
{"level":"info","message":{"time":"2024/6/8 14:29:28","tip":"c-广告曝光"}}
{"level":"info","message":{"tip":"c-广告曝光 数量1"}}
{"level":"info","message":{"time":"2024/6/8 14:31:37","tip":"广告点击","type":"c-iframe"}}
{"level":"info","message":{"time":"2024/6/8 14:32:10","tip":"广告页面加载完成","type":"c-iframe"}}
{"level":"info","message":{"tip":"切换到窗口 5716A2176B80E151EA814A009A2858CE"}}
{"level":"info","message":{"tip":"窗口 5716A2176B80E151EA814A009A2858CE Cookies 已成功清除"}}
{"level":"info","message":{"tip":"窗口 5716A2176B80E151EA814A009A2858CE LocalStorage 已成功清除"}}
{"level":"info","message":{"body":"{\"code\":200,\"msg\":\"提交成功\",\"data\":[]}","brand":"google","model":"pixel5","tip":"重置机型成功"}}
{"level":"info","message":{"data":"{\"code\":0,\"success\":true,\"msg\":\"请求成功\",\"request_ip\":\"114.93.3.27\",\"data\":\"更新成功\"}","tip":"切换代理IP成功"}}
{"level":"info","message":{"time":"2024/6/8 14:32:30","tip":"打开网站"}}
{"level":"info","message":{"time":"2024/6/8 14:32:47","tip":"网站已打开"}}
{"level":"info","message":{"time":"2024/6/8 14:32:47","tip":"广告曝光"}}
{"level":"info","message":{"tip":"广告曝光 数量1"}}
{"level":"info","message":{"time":"2024/6/8 14:33:17","tip":"进入子页面"}}
{"level":"info","message":{"time":"2024/6/8 14:33:27","tip":"c-广告曝光"}}
{"level":"info","message":{"tip":"c-广告曝光 数量1"}}
{"level":"info","message":{"tip":"切换到窗口 5716A2176B80E151EA814A009A2858CE"}}
{"level":"info","message":{"tip":"窗口 5716A2176B80E151EA814A009A2858CE Cookies 已成功清除"}}
{"level":"info","message":{"tip":"窗口 5716A2176B80E151EA814A009A2858CE LocalStorage 已成功清除"}}
{"level":"info","message":{"body":"{\"code\":200,\"msg\":\"提交成功\",\"data\":[]}","brand":"google","model":"Pixel 6","tip":"重置机型成功"}}
{"level":"info","message":{"data":"{\"code\":0,\"success\":true,\"msg\":\"请求成功\",\"request_ip\":\"114.93.3.27\",\"data\":\"更新成功\"}","tip":"切换代理IP成功"}}
{"level":"info","message":{"time":"2024/6/8 14:34:03","tip":"打开网站"}}
{"level":"info","message":{"time":"2024/6/8 14:34:21","tip":"网站已打开"}}
{"level":"info","message":{"time":"2024/6/8 14:34:21","tip":"广告曝光"}}
{"level":"info","message":{"tip":"广告曝光 数量1"}}
{"level":"info","message":{"time":"2024/6/8 14:34:47","tip":"进入子页面"}}
{"level":"info","message":{"time":"2024/6/8 14:34:56","tip":"c-广告曝光"}}
{"level":"info","message":{"tip":"c-广告曝光 数量1"}}
{"level":"info","message":{"time":"2024/6/8 14:35:22","tip":"广告点击","type":"c-iframe"}}
{"level":"info","message":{"time":"2024/6/8 14:35:54","tip":"广告页面加载完成","type":"c-iframe"}}
{"level":"info","message":{"tip":"切换到窗口 5716A2176B80E151EA814A009A2858CE"}}
{"level":"info","message":{"tip":"窗口 5716A2176B80E151EA814A009A2858CE Cookies 已成功清除"}}
{"level":"info","message":{"tip":"窗口 5716A2176B80E151EA814A009A2858CE LocalStorage 已成功清除"}}
{"level":"info","message":{"body":"{\"code\":200,\"msg\":\"提交成功\",\"data\":[]}","brand":"google","model":"Pixel 6","tip":"重置机型成功"}}
{"level":"info","message":{"data":"{\"code\":0,\"success\":true,\"msg\":\"请求成功\",\"request_ip\":\"114.93.3.27\",\"data\":\"更新成功\"}","tip":"切换代理IP成功"}}
{"level":"info","message":{"time":"2024/6/8 14:36:19","tip":"打开网站"}}
{"level":"info","message":{"time":"2024/6/8 14:36:37","tip":"网站已打开"}}
{"level":"info","message":{"time":"2024/6/8 14:36:37","tip":"广告曝光"}}
{"level":"info","message":{"tip":"广告曝光 数量1"}}
{"level":"info","message":{"time":"2024/6/8 14:37:04","tip":"进入子页面"}}
{"level":"info","message":{"time":"2024/6/8 14:37:13","tip":"c-广告曝光"}}
{"level":"info","message":{"tip":"c-广告曝光 数量1"}}
{"level":"info","message":{"tip":"切换到窗口 5716A2176B80E151EA814A009A2858CE"}}
{"level":"info","message":{"tip":"窗口 5716A2176B80E151EA814A009A2858CE Cookies 已成功清除"}}
{"level":"info","message":{"tip":"窗口 5716A2176B80E151EA814A009A2858CE LocalStorage 已成功清除"}}
{"level":"info","message":{"body":"{\"code\":200,\"msg\":\"提交成功\",\"data\":[]}","brand":"google","model":"pixel3a","tip":"重置机型成功"}}
{"level":"info","message":{"data":"{\"code\":0,\"success\":true,\"msg\":\"请求成功\",\"request_ip\":\"114.93.3.27\",\"data\":\"更新成功\"}","tip":"切换代理IP成功"}}
{"level":"info","message":{"time":"2024/6/8 14:38:25","tip":"打开网站"}}
{"level":"info","message":{"time":"2024/6/8 14:38:42","tip":"网站已打开"}}
{"level":"info","message":{"time":"2024/6/8 14:38:43","tip":"广告曝光"}}
{"level":"info","message":{"tip":"广告曝光 数量1"}}
{"level":"info","message":{"time":"2024/6/8 14:39:07","tip":"进入子页面"}}
{"level":"info","message":{"time":"2024/6/8 14:39:16","tip":"c-广告曝光"}}
{"level":"info","message":{"tip":"c-广告曝光 数量1"}}
{"level":"info","message":{"tip":"切换到窗口 5716A2176B80E151EA814A009A2858CE"}}
{"level":"info","message":{"tip":"窗口 5716A2176B80E151EA814A009A2858CE Cookies 已成功清除"}}
{"level":"info","message":{"tip":"窗口 5716A2176B80E151EA814A009A2858CE LocalStorage 已成功清除"}}
{"level":"info","message":{"body":"{\"code\":200,\"msg\":\"提交成功\",\"data\":[]}","brand":"google","model":"pixel5","tip":"重置机型成功"}}
{"level":"info","message":{"data":"{\"code\":0,\"success\":true,\"msg\":\"请求成功\",\"request_ip\":\"114.93.3.27\",\"data\":\"更新成功\"}","tip":"切换代理IP成功"}}
{"level":"info","message":{"time":"2024/6/8 14:39:47","tip":"打开网站"}}
{"level":"info","message":{"time":"2024/6/8 14:40:04","tip":"网站已打开"}}
{"level":"info","message":{"time":"2024/6/8 14:40:04","tip":"广告曝光"}}
{"level":"info","message":{"tip":"广告曝光 数量1"}}
{"level":"info","message":{"time":"2024/6/8 14:40:28","tip":"进入子页面"}}
{"level":"info","message":{"time":"2024/6/8 14:40:37","tip":"c-广告曝光"}}
{"level":"info","message":{"tip":"c-广告曝光 数量1"}}
{"level":"info","message":{"tip":"切换到窗口 5716A2176B80E151EA814A009A2858CE"}}
{"level":"info","message":{"tip":"窗口 5716A2176B80E151EA814A009A2858CE Cookies 已成功清除"}}
{"level":"info","message":{"tip":"窗口 5716A2176B80E151EA814A009A2858CE LocalStorage 已成功清除"}}
{"level":"info","message":{"body":"{\"code\":200,\"msg\":\"提交成功\",\"data\":[]}","brand":"google","model":"Pixel 4a","tip":"重置机型成功"}}
{"level":"info","message":{"data":"{\"code\":0,\"success\":true,\"msg\":\"请求成功\",\"request_ip\":\"114.93.3.27\",\"data\":\"更新成功\"}","tip":"切换代理IP成功"}}
{"level":"info","message":{"time":"2024/6/8 14:41:13","tip":"打开网站"}}
{"level":"info","message":{"time":"2024/6/8 14:41:31","tip":"网站已打开"}}
{"level":"info","message":{"time":"2024/6/8 14:41:31","tip":"广告曝光"}}
{"level":"info","message":{"tip":"广告曝光 数量1"}}
{"level":"error","name":"unknown error"}
{"level":"info","message":{"body":"{\"code\":200,\"msg\":\"提交成功\",\"data\":[]}","brand":"google","model":"pixel5","tip":"重置机型成功"}}
{"level":"info","message":{"data":"{\"code\":0,\"success\":true,\"msg\":\"请求成功\",\"request_ip\":\"114.93.3.27\",\"data\":\"更新成功\"}","tip":"切换代理IP成功"}}
{"level":"error","name":"unknown error"}
{"level":"info","message":{"time":"2024/6/8 14:43:01","tip":"打开网站"}}
{"level":"info","message":{"time":"2024/6/8 14:43:18","tip":"网站已打开"}}
{"level":"info","message":{"time":"2024/6/8 14:43:19","tip":"广告曝光"}}
{"level":"info","message":{"tip":"广告曝光 数量1"}}
{"level":"info","message":{"time":"2024/6/8 14:43:42","tip":"进入子页面"}}
{"level":"info","message":{"time":"2024/6/8 14:43:51","tip":"c-广告曝光"}}
{"level":"info","message":{"tip":"c-广告曝光 数量1"}}
{"level":"info","message":{"body":"{\"code\":200,\"msg\":\"提交成功\",\"data\":[]}","brand":"google","model":"pixel3a","tip":"重置机型成功"}}
{"level":"info","message":{"data":"{\"code\":0,\"success\":true,\"msg\":\"请求成功\",\"request_ip\":\"114.93.3.27\",\"data\":\"更新成功\"}","tip":"切换代理IP成功"}}
{"level":"error","name":"unknown error"}
{"level":"info","message":{"time":"2024/6/8 14:44:52","tip":"打开网站"}}
{"level":"info","message":{"time":"2024/6/8 14:45:09","tip":"网站已打开"}}
{"level":"info","message":{"time":"2024/6/8 14:45:09","tip":"广告曝光"}}
{"level":"info","message":{"tip":"广告曝光 数量1"}}
{"level":"info","message":{"time":"2024/6/8 14:45:34","tip":"进入子页面"}}
{"level":"info","message":{"time":"2024/6/8 14:45:42","tip":"c-广告曝光"}}
{"level":"info","message":{"tip":"c-广告曝光 数量1"}}
{"level":"info","message":{"body":"{\"code\":200,\"msg\":\"提交成功\",\"data\":[]}","brand":"google","model":"Pixel 4a","tip":"重置机型成功"}}
{"level":"info","message":{"data":"{\"code\":0,\"success\":true,\"msg\":\"请求成功\",\"request_ip\":\"114.93.3.27\",\"data\":\"更新成功\"}","tip":"切换代理IP成功"}}
{"level":"error","name":"unknown error"}
{"level":"info","message":{"time":"2024/6/8 14:46:45","tip":"打开网站"}}
{"level":"info","message":{"time":"2024/6/8 14:47:02","tip":"网站已打开"}}
{"level":"info","message":{"time":"2024/6/8 14:47:02","tip":"广告曝光"}}
{"level":"info","message":{"tip":"广告曝光 数量1"}}
{"level":"info","message":{"time":"2024/6/8 14:47:27","tip":"进入子页面"}}
{"level":"info","message":{"time":"2024/6/8 14:47:35","tip":"c-广告曝光"}}
{"level":"info","message":{"tip":"c-广告曝光 数量1"}}
{"level":"info","message":{"body":"{\"code\":200,\"msg\":\"提交成功\",\"data\":[]}","brand":"google","model":"Pixel 4a","tip":"重置机型成功"}}
{"level":"info","message":{"data":"{\"code\":0,\"success\":true,\"msg\":\"请求成功\",\"request_ip\":\"114.93.3.27\",\"data\":\"更新成功\"}","tip":"切换代理IP成功"}}
{"level":"error","name":"unknown error"}
{"level":"info","message":{"time":"2024/6/8 14:48:35","tip":"打开网站"}}
{"level":"info","message":{"time":"2024/6/8 14:48:53","tip":"网站已打开"}}
{"level":"info","message":{"time":"2024/6/8 14:48:53","tip":"广告曝光"}}
{"level":"info","message":{"tip":"广告曝光 数量1"}}
{"level":"info","message":{"body":"{\"code\":200,\"msg\":\"提交成功\",\"data\":[]}","brand":"google","model":"Pixel 4a","tip":"重置机型成功"}}
{"level":"info","message":{"data":"{\"code\":0,\"success\":true,\"msg\":\"请求成功\",\"request_ip\":\"114.93.3.27\",\"data\":\"更新成功\"}","tip":"切换代理IP成功"}}
{"level":"error","name":"unknown error"}
{"level":"info","message":{"time":"2024/6/8 14:49:48","tip":"打开网站"}}
{"level":"info","message":{"time":"2024/6/8 14:50:05","tip":"网站已打开"}}
{"level":"info","message":{"time":"2024/6/8 14:50:05","tip":"广告曝光"}}
{"level":"info","message":{"tip":"广告曝光 数量1"}}
{"level":"info","message":{"time":"2024/6/8 14:50:26","tip":"进入子页面"}}
{"level":"info","message":{"time":"2024/6/8 14:50:34","tip":"c-广告曝光"}}
{"level":"info","message":{"tip":"c-广告曝光 数量1"}}
{"level":"info","message":{"body":"{\"code\":200,\"msg\":\"提交成功\",\"data\":[]}","brand":"google","model":"Pixel 6","tip":"重置机型成功"}}
{"level":"info","message":{"data":"{\"code\":0,\"success\":true,\"msg\":\"请求成功\",\"request_ip\":\"114.93.3.27\",\"data\":\"更新成功\"}","tip":"切换代理IP成功"}}
{"level":"error","name":"unknown error"}
{"level":"info","message":{"time":"2024/6/8 14:51:31","tip":"打开网站"}}
{"level":"info","message":{"time":"2024/6/8 14:51:48","tip":"网站已打开"}}
{"level":"info","message":{"time":"2024/6/8 14:51:48","tip":"广告曝光"}}
{"level":"info","message":{"tip":"广告曝光 数量1"}}
{"level":"info","message":{"time":"2024/6/8 14:52:14","tip":"进入子页面"}}
{"level":"info","message":{"time":"2024/6/8 14:52:22","tip":"c-广告曝光"}}
{"level":"info","message":{"tip":"c-广告曝光 数量1"}}
{"level":"info","message":{"body":"{\"code\":200,\"msg\":\"提交成功\",\"data\":[]}","brand":"google","model":"pixel5","tip":"重置机型成功"}}
{"level":"info","message":{"data":"{\"code\":0,\"success\":true,\"msg\":\"请求成功\",\"request_ip\":\"114.93.3.27\",\"data\":\"更新成功\"}","tip":"切换代理IP成功"}}
{"level":"error","name":"unknown error"}
{"level":"info","message":{"time":"2024/6/8 14:53:31","tip":"打开网站"}}
{"level":"info","message":{"time":"2024/6/8 14:53:49","tip":"网站已打开"}}
{"level":"info","message":{"time":"2024/6/8 14:53:49","tip":"广告曝光"}}
{"level":"info","message":{"tip":"广告曝光 数量1"}}
{"level":"info","message":{"body":"{\"code\":200,\"msg\":\"提交成功\",\"data\":[]}","brand":"google","model":"pixel3a","tip":"重置机型成功"}}
{"level":"info","message":{"data":"{\"code\":0,\"success\":true,\"msg\":\"请求成功\",\"request_ip\":\"114.93.3.27\",\"data\":\"更新成功\"}","tip":"切换代理IP成功"}}
{"level":"error","name":"unknown error"}
{"level":"info","message":{"time":"2024/6/8 14:54:43","tip":"打开网站"}}
{"level":"info","message":{"time":"2024/6/8 14:55:01","tip":"网站已打开"}}
{"level":"info","message":{"time":"2024/6/8 14:55:01","tip":"广告曝光"}}
{"level":"info","message":{"tip":"广告曝光 数量1"}}
{"level":"info","message":{"time":"2024/6/8 14:55:24","tip":"进入子页面"}}
{"level":"info","message":{"time":"2024/6/8 14:55:33","tip":"c-广告曝光"}}
{"level":"info","message":{"tip":"c-广告曝光 数量1"}}
{"level":"info","message":{"body":"{\"code\":200,\"msg\":\"提交成功\",\"data\":[]}","brand":"google","model":"pixel3a","tip":"重置机型成功"}}
{"level":"info","message":{"data":"{\"code\":0,\"success\":true,\"msg\":\"请求成功\",\"request_ip\":\"114.93.3.27\",\"data\":\"更新成功\"}","tip":"切换代理IP成功"}}
{"level":"error","name":"unknown error"}
{"level":"info","message":{"time":"2024/6/8 14:56:36","tip":"打开网站"}}
{"level":"info","message":{"time":"2024/6/8 14:56:53","tip":"网站已打开"}}
{"level":"info","message":{"time":"2024/6/8 14:56:54","tip":"广告曝光"}}
{"level":"info","message":{"tip":"广告曝光 数量1"}}
{"level":"info","message":{"time":"2024/6/8 14:57:15","tip":"进入子页面"}}
{"level":"info","message":{"time":"2024/6/8 14:57:23","tip":"c-广告曝光"}}
{"level":"info","message":{"tip":"c-广告曝光 数量1"}}
{"level":"info","message":{"tip":"切换到窗口 8A541BCA9AED99D2EBCEFEED43D8DA23"}}
{"level":"info","message":{"tip":"窗口 8A541BCA9AED99D2EBCEFEED43D8DA23 Cookies 已成功清除"}}
{"level":"info","message":{"tip":"窗口 8A541BCA9AED99D2EBCEFEED43D8DA23 LocalStorage 已成功清除"}}
{"level":"info","message":{"body":"{\"code\":200,\"msg\":\"提交成功\",\"data\":[]}","brand":"google","model":"pixel3a","tip":"重置机型成功"}}
{"level":"info","message":{"data":"{\"code\":0,\"success\":true,\"msg\":\"请求成功\",\"request_ip\":\"114.93.3.27\",\"data\":\"更新成功\"}","tip":"切换代理IP成功"}}
{"level":"info","message":{"time":"2024/6/8 14:57:57","tip":"打开网站"}}
{"level":"info","message":{"time":"2024/6/8 14:58:14","tip":"网站已打开"}}
{"level":"info","message":{"time":"2024/6/8 14:58:14","tip":"广告曝光"}}
{"level":"info","message":{"tip":"广告曝光 数量1"}}
{"level":"info","message":{"tip":"切换到窗口 8A541BCA9AED99D2EBCEFEED43D8DA23"}}
{"level":"info","message":{"tip":"窗口 8A541BCA9AED99D2EBCEFEED43D8DA23 Cookies 已成功清除"}}
{"level":"info","message":{"tip":"窗口 8A541BCA9AED99D2EBCEFEED43D8DA23 LocalStorage 已成功清除"}}
{"level":"info","message":{"body":"{\"code\":200,\"msg\":\"提交成功\",\"data\":[]}","brand":"google","model":"Pixel 6","tip":"重置机型成功"}}
{"level":"info","message":{"data":"{\"code\":0,\"success\":true,\"msg\":\"请求成功\",\"request_ip\":\"114.93.3.27\",\"data\":\"更新成功\"}","tip":"切换代理IP成功"}}
{"level":"info","message":{"time":"2024/6/8 14:58:51","tip":"打开网站"}}
{"level":"info","message":{"time":"2024/6/8 14:59:08","tip":"网站已打开"}}
{"level":"info","message":{"time":"2024/6/8 14:59:08","tip":"广告曝光"}}
{"level":"info","message":{"tip":"广告曝光 数量1"}}
{"level":"info","message":{"time":"2024/6/8 14:59:29","tip":"进入子页面"}}
{"level":"info","message":{"time":"2024/6/8 14:59:37","tip":"c-广告曝光"}}
{"level":"info","message":{"tip":"c-广告曝光 数量1"}}
{"level":"info","message":{"body":"{\"code\":200,\"msg\":\"提交成功\",\"data\":[]}","brand":"google","model":"Pixel 4a","tip":"重置机型成功"}}
{"level":"info","message":{"data":"{\"code\":0,\"success\":true,\"msg\":\"请求成功\",\"request_ip\":\"114.93.3.27\",\"data\":\"更新成功\"}","tip":"切换代理IP成功"}}
{"level":"error","name":"unknown error"}
{"level":"info","message":{"time":"2024/6/8 15:00:38","tip":"打开网站"}}
{"level":"info","message":{"time":"2024/6/8 15:00:56","tip":"网站已打开"}}
{"level":"info","message":{"time":"2024/6/8 15:00:56","tip":"广告曝光"}}
{"level":"info","message":{"tip":"广告曝光 数量1"}}
{"level":"info","message":{"time":"2024/6/8 15:01:19","tip":"进入子页面"}}
{"level":"info","message":{"time":"2024/6/8 15:01:28","tip":"c-广告曝光"}}
{"level":"info","message":{"tip":"c-广告曝光 数量1"}}
{"level":"info","message":{"body":"{\"code\":200,\"msg\":\"提交成功\",\"data\":[]}","brand":"google","model":"pixel5","tip":"重置机型成功"}}
{"level":"info","message":{"data":"{\"code\":0,\"success\":true,\"msg\":\"请求成功\",\"request_ip\":\"114.93.3.27\",\"data\":\"更新成功\"}","tip":"切换代理IP成功"}}
{"level":"error","name":"unknown error"}
{"level":"info","message":{"time":"2024/6/8 15:02:27","tip":"打开网站"}}
{"level":"info","message":{"time":"2024/6/8 15:02:44","tip":"网站已打开"}}
{"level":"info","message":{"time":"2024/6/8 15:02:44","tip":"广告曝光"}}
{"level":"info","message":{"tip":"广告曝光 数量1"}}
{"level":"error","name":"invalid session id"}
{"level":"info","message":"开始：2024/6/8 15:05:40"}
{"level":"info","message":{"body":"{\"code\":200,\"msg\":\"提交成功\",\"data\":[]}","brand":"google","model":"pixel5","tip":"重置机型成功"}}
{"level":"info","message":{"data":"{\"code\":0,\"success\":true,\"msg\":\"请求成功\",\"request_ip\":\"114.93.3.27\",\"data\":\"更新成功\"}","tip":"切换代理IP成功"}}
{"level":"info","message":{"time":"2024/6/8 15:06:26","tip":"打开网站"}}
{"level":"info","message":{"time":"2024/6/8 15:06:44","tip":"网站已打开"}}
{"level":"info","message":{"time":"2024/6/8 15:06:44","tip":"广告曝光"}}
{"level":"info","message":{"tip":"广告曝光 数量1"}}
{"level":"info","message":{"time":"2024/6/8 15:07:08","tip":"进入子页面"}}
{"level":"info","message":{"time":"2024/6/8 15:07:17","tip":"c-广告曝光"}}
{"level":"info","message":{"tip":"c-广告曝光 数量1"}}
{"level":"info","message":{"body":"{\"code\":200,\"msg\":\"提交成功\",\"data\":[]}","brand":"google","model":"pixel3a","tip":"重置机型成功"}}
{"level":"info","message":{"data":"{\"code\":0,\"success\":true,\"msg\":\"请求成功\",\"request_ip\":\"114.93.3.27\",\"data\":\"更新成功\"}","tip":"切换代理IP成功"}}
{"level":"error","name":"unknown error"}
{"level":"info","message":{"time":"2024/6/8 15:08:19","tip":"打开网站"}}
{"level":"info","message":{"time":"2024/6/8 15:08:36","tip":"网站已打开"}}
{"level":"info","message":{"time":"2024/6/8 15:08:36","tip":"广告曝光"}}
{"level":"info","message":{"tip":"广告曝光 数量1"}}
{"level":"info","message":{"time":"2024/6/8 15:09:02","tip":"进入子页面"}}
{"level":"info","message":{"time":"2024/6/8 15:09:11","tip":"c-广告曝光"}}
{"level":"info","message":{"tip":"c-广告曝光 数量1"}}
{"level":"info","message":{"body":"{\"code\":200,\"msg\":\"提交成功\",\"data\":[]}","brand":"google","model":"pixel5","tip":"重置机型成功"}}
{"level":"info","message":{"data":"{\"code\":0,\"success\":true,\"msg\":\"请求成功\",\"request_ip\":\"114.93.3.27\",\"data\":\"更新成功\"}","tip":"切换代理IP成功"}}
{"level":"error","name":"unknown error"}
{"level":"info","message":{"time":"2024/6/8 15:10:08","tip":"打开网站"}}
{"level":"info","message":{"time":"2024/6/8 15:10:25","tip":"网站已打开"}}
{"level":"info","message":{"time":"2024/6/8 15:10:26","tip":"广告曝光"}}
{"level":"info","message":{"tip":"广告曝光 数量1"}}
{"level":"info","message":{"time":"2024/6/8 15:10:48","tip":"进入子页面"}}
{"level":"info","message":{"time":"2024/6/8 15:10:56","tip":"c-广告曝光"}}
{"level":"info","message":{"tip":"c-广告曝光 数量1"}}
{"level":"info","message":{"body":"{\"code\":200,\"msg\":\"提交成功\",\"data\":[]}","brand":"google","model":"pixel5","tip":"重置机型成功"}}
{"level":"info","message":{"data":"{\"code\":0,\"success\":true,\"msg\":\"请求成功\",\"request_ip\":\"114.93.3.27\",\"data\":\"更新成功\"}","tip":"切换代理IP成功"}}
{"level":"error","name":"unknown error"}
{"level":"info","message":{"time":"2024/6/8 15:11:55","tip":"打开网站"}}
{"level":"info","message":{"time":"2024/6/8 15:12:12","tip":"网站已打开"}}
{"level":"info","message":{"time":"2024/6/8 15:12:12","tip":"广告曝光"}}
{"level":"info","message":"开始：2024/6/8 15:23:36"}
{"level":"info","message":{"body":"{\"code\":200,\"msg\":\"提交成功\",\"data\":[]}","brand":"google","model":"pixel3a","tip":"重置机型成功"}}
{"level":"info","message":{"data":"{\"code\":0,\"success\":true,\"msg\":\"请求成功\",\"request_ip\":\"114.93.3.27\",\"data\":\"更新成功\"}","tip":"切换代理IP成功"}}
{"level":"info","message":{"time":"2024/6/8 15:24:14","tip":"打开网站"}}
{"level":"info","message":{"time":"2024/6/8 15:24:31","tip":"网站已打开"}}
{"level":"info","message":{"time":"2024/6/8 15:24:31","tip":"广告曝光"}}
{"level":"info","message":{"tip":"广告曝光 数量1"}}
{"level":"info","message":{"time":"2024/6/8 15:24:53","tip":"进入子页面"}}
{"level":"info","message":{"time":"2024/6/8 15:25:01","tip":"c-广告曝光"}}
{"level":"info","message":{"tip":"c-广告曝光 数量1"}}
{"level":"info","message":{"tip":"切换到窗口 7DAED45FD1DE11D6980D7D106C3B8CCD"}}
{"level":"info","message":{"tip":"窗口 7DAED45FD1DE11D6980D7D106C3B8CCD Cookies 已成功清除"}}
{"level":"info","message":{"tip":"窗口 7DAED45FD1DE11D6980D7D106C3B8CCD LocalStorage 已成功清除"}}
{"level":"info","message":{"body":"{\"code\":200,\"msg\":\"提交成功\",\"data\":[]}","brand":"google","model":"Pixel 4a","tip":"重置机型成功"}}
{"level":"info","message":{"data":"{\"code\":0,\"success\":true,\"msg\":\"请求成功\",\"request_ip\":\"114.93.3.27\",\"data\":\"更新成功\"}","tip":"切换代理IP成功"}}
{"level":"info","message":{"time":"2024/6/8 15:25:36","tip":"打开网站"}}
{"level":"info","message":{"time":"2024/6/8 15:25:53","tip":"网站已打开"}}
{"level":"info","message":{"time":"2024/6/8 15:25:53","tip":"广告曝光"}}
{"level":"info","message":{"tip":"广告曝光 数量1"}}
{"level":"info","message":{"time":"2024/6/8 15:26:15","tip":"进入子页面"}}
{"level":"info","message":{"time":"2024/6/8 15:26:23","tip":"c-广告曝光"}}
{"level":"info","message":{"tip":"c-广告曝光 数量1"}}
{"level":"info","message":{"tip":"切换到窗口 7DAED45FD1DE11D6980D7D106C3B8CCD"}}
{"level":"info","message":{"tip":"窗口 7DAED45FD1DE11D6980D7D106C3B8CCD Cookies 已成功清除"}}
{"level":"info","message":{"tip":"窗口 7DAED45FD1DE11D6980D7D106C3B8CCD LocalStorage 已成功清除"}}
{"level":"info","message":{"body":"{\"code\":200,\"msg\":\"提交成功\",\"data\":[]}","brand":"google","model":"Pixel 6","tip":"重置机型成功"}}
{"level":"info","message":{"data":"{\"code\":0,\"success\":true,\"msg\":\"请求成功\",\"request_ip\":\"114.93.3.27\",\"data\":\"更新成功\"}","tip":"切换代理IP成功"}}
{"level":"info","message":{"time":"2024/6/8 15:26:57","tip":"打开网站"}}
{"level":"info","message":{"time":"2024/6/8 15:27:15","tip":"网站已打开"}}
{"level":"info","message":{"time":"2024/6/8 15:27:15","tip":"广告曝光"}}
{"level":"info","message":{"tip":"广告曝光 数量1"}}
{"level":"info","message":{"time":"2024/6/8 15:27:39","tip":"进入子页面"}}
{"level":"info","message":{"time":"2024/6/8 15:27:48","tip":"c-广告曝光"}}
{"level":"info","message":{"tip":"c-广告曝光 数量1"}}
{"level":"info","message":{"body":"{\"code\":200,\"msg\":\"提交成功\",\"data\":[]}","brand":"google","model":"pixel5","tip":"重置机型成功"}}
{"level":"info","message":{"data":"{\"code\":0,\"success\":true,\"msg\":\"请求成功\",\"request_ip\":\"114.93.3.27\",\"data\":\"更新成功\"}","tip":"切换代理IP成功"}}
{"level":"error","name":"unknown error"}
{"level":"info","message":{"time":"2024/6/8 15:28:55","tip":"打开网站"}}
{"level":"info","message":{"time":"2024/6/8 15:29:12","tip":"网站已打开"}}
{"level":"info","message":{"time":"2024/6/8 15:29:13","tip":"广告曝光"}}
{"level":"info","message":{"tip":"广告曝光 数量1"}}
{"level":"info","message":{"time":"2024/6/8 15:29:37","tip":"进入子页面"}}
{"level":"info","message":{"time":"2024/6/8 15:29:46","tip":"c-广告曝光"}}
{"level":"info","message":{"tip":"c-广告曝光 数量1"}}
{"level":"info","message":{"body":"{\"code\":200,\"msg\":\"提交成功\",\"data\":[]}","brand":"google","model":"pixel3a","tip":"重置机型成功"}}
{"level":"info","message":{"data":"{\"code\":0,\"success\":true,\"msg\":\"请求成功\",\"request_ip\":\"114.93.3.27\",\"data\":\"更新成功\"}","tip":"切换代理IP成功"}}
{"level":"error","name":"unknown error"}
{"level":"info","message":{"time":"2024/6/8 15:30:45","tip":"打开网站"}}
{"level":"info","message":{"time":"2024/6/8 15:31:02","tip":"网站已打开"}}
{"level":"info","message":{"time":"2024/6/8 15:31:03","tip":"广告曝光"}}
{"level":"info","message":{"tip":"广告曝光 数量1"}}
{"level":"error","name":"element click intercepted"}
{"level":"info","message":{"body":"{\"code\":200,\"msg\":\"提交成功\",\"data\":[]}","brand":"google","model":"Pixel 6","tip":"重置机型成功"}}
{"level":"info","message":{"data":"{\"code\":0,\"success\":true,\"msg\":\"请求成功\",\"request_ip\":\"114.93.3.27\",\"data\":\"更新成功\"}","tip":"切换代理IP成功"}}
{"level":"error","name":"unknown error"}
{"level":"info","message":{"time":"2024/6/8 15:32:14","tip":"打开网站"}}
{"level":"info","message":{"time":"2024/6/8 15:32:31","tip":"网站已打开"}}
{"level":"info","message":{"time":"2024/6/8 15:32:31","tip":"广告曝光"}}
{"level":"info","message":{"tip":"广告曝光 数量1"}}
{"level":"info","message":{"body":"{\"code\":200,\"msg\":\"提交成功\",\"data\":[]}","brand":"google","model":"Pixel 4a","tip":"重置机型成功"}}
{"level":"info","message":{"data":"{\"code\":0,\"success\":true,\"msg\":\"请求成功\",\"request_ip\":\"114.93.3.27\",\"data\":\"更新成功\"}","tip":"切换代理IP成功"}}
{"level":"error","name":"unknown error"}
{"level":"info","message":{"time":"2024/6/8 15:33:31","tip":"打开网站"}}
{"level":"info","message":{"time":"2024/6/8 15:33:48","tip":"网站已打开"}}
{"level":"info","message":{"time":"2024/6/8 15:33:49","tip":"广告曝光"}}
{"level":"info","message":{"tip":"广告曝光 数量1"}}
{"level":"info","message":{"body":"{\"code\":200,\"msg\":\"提交成功\",\"data\":[]}","brand":"google","model":"pixel3a","tip":"重置机型成功"}}
{"level":"info","message":{"data":"{\"code\":0,\"success\":true,\"msg\":\"请求成功\",\"request_ip\":\"114.93.3.27\",\"data\":\"更新成功\"}","tip":"切换代理IP成功"}}
{"level":"error","name":"unknown error"}
{"level":"info","message":{"time":"2024/6/8 15:34:47","tip":"打开网站"}}
{"level":"info","message":{"time":"2024/6/8 15:35:04","tip":"网站已打开"}}
{"level":"info","message":{"time":"2024/6/8 15:35:05","tip":"广告曝光"}}
{"level":"info","message":{"tip":"广告曝光 数量1"}}
{"level":"info","message":{"time":"2024/6/8 15:35:36","tip":"进入子页面"}}
{"level":"info","message":{"time":"2024/6/8 15:35:45","tip":"c-广告曝光"}}
{"level":"info","message":{"tip":"c-广告曝光 数量0"}}
{"level":"info","message":{"body":"{\"code\":200,\"msg\":\"提交成功\",\"data\":[]}","brand":"google","model":"pixel3a","tip":"重置机型成功"}}
{"level":"info","message":{"data":"{\"code\":0,\"success\":true,\"msg\":\"请求成功\",\"request_ip\":\"114.93.3.27\",\"data\":\"更新成功\"}","tip":"切换代理IP成功"}}
{"level":"error","name":"unknown error"}
{"level":"info","message":{"time":"2024/6/8 15:36:35","tip":"打开网站"}}
{"level":"info","message":{"time":"2024/6/8 15:36:52","tip":"网站已打开"}}
{"level":"info","message":{"time":"2024/6/8 15:36:52","tip":"广告曝光"}}
{"level":"info","message":{"tip":"广告曝光 数量1"}}
{"level":"info","message":{"body":"{\"code\":200,\"msg\":\"提交成功\",\"data\":[]}","brand":"google","model":"Pixel 4a","tip":"重置机型成功"}}
{"level":"info","message":{"data":"{\"code\":0,\"success\":true,\"msg\":\"请求成功\",\"request_ip\":\"114.93.3.27\",\"data\":\"更新成功\"}","tip":"切换代理IP成功"}}
{"level":"error","name":"unknown error"}
{"level":"info","message":{"time":"2024/6/8 15:37:49","tip":"打开网站"}}
{"level":"info","message":{"time":"2024/6/8 15:38:07","tip":"网站已打开"}}
{"level":"info","message":{"time":"2024/6/8 15:38:07","tip":"广告曝光"}}
{"level":"info","message":{"tip":"广告曝光 数量1"}}
{"level":"info","message":{"body":"{\"code\":200,\"msg\":\"提交成功\",\"data\":[]}","brand":"google","model":"Pixel 4a","tip":"重置机型成功"}}
{"level":"info","message":{"data":"{\"code\":0,\"success\":true,\"msg\":\"请求成功\",\"request_ip\":\"114.93.3.27\",\"data\":\"更新成功\"}","tip":"切换代理IP成功"}}
{"level":"error","name":"unknown error"}
{"level":"info","message":{"time":"2024/6/8 15:39:01","tip":"打开网站"}}
{"level":"info","message":{"time":"2024/6/8 15:39:18","tip":"网站已打开"}}
{"level":"info","message":{"time":"2024/6/8 15:39:18","tip":"广告曝光"}}
{"level":"info","message":{"tip":"广告曝光 数量1"}}
{"level":"info","message":{"time":"2024/6/8 15:39:40","tip":"进入子页面"}}
{"level":"info","message":{"time":"2024/6/8 15:39:48","tip":"c-广告曝光"}}
{"level":"info","message":{"tip":"c-广告曝光 数量1"}}
{"level":"info","message":{"body":"{\"code\":200,\"msg\":\"提交成功\",\"data\":[]}","brand":"google","model":"pixel3a","tip":"重置机型成功"}}
{"level":"info","message":{"data":"{\"code\":0,\"success\":true,\"msg\":\"请求成功\",\"request_ip\":\"114.93.3.27\",\"data\":\"更新成功\"}","tip":"切换代理IP成功"}}
{"level":"error","name":"unknown error"}
{"level":"info","message":{"time":"2024/6/8 15:40:51","tip":"打开网站"}}
{"level":"info","message":{"time":"2024/6/8 15:41:08","tip":"网站已打开"}}
{"level":"info","message":{"time":"2024/6/8 15:41:08","tip":"广告曝光"}}
{"level":"info","message":{"tip":"广告曝光 数量1"}}
{"level":"info","message":{"time":"2024/6/8 15:41:35","tip":"进入子页面"}}
{"level":"info","message":{"time":"2024/6/8 15:41:43","tip":"c-广告曝光"}}
{"level":"info","message":{"tip":"c-广告曝光 数量1"}}
{"level":"info","message":{"body":"{\"code\":200,\"msg\":\"提交成功\",\"data\":[]}","brand":"google","model":"pixel3a","tip":"重置机型成功"}}
{"level":"info","message":{"data":"{\"code\":0,\"success\":true,\"msg\":\"请求成功\",\"request_ip\":\"114.93.3.27\",\"data\":\"更新成功\"}","tip":"切换代理IP成功"}}
{"level":"error","name":"unknown error"}
{"level":"info","message":{"time":"2024/6/8 15:42:45","tip":"打开网站"}}
{"level":"info","message":{"time":"2024/6/8 15:43:02","tip":"网站已打开"}}
{"level":"info","message":{"time":"2024/6/8 15:43:02","tip":"广告曝光"}}
{"level":"info","message":{"tip":"广告曝光 数量1"}}
{"level":"info","message":{"time":"2024/6/8 15:43:24","tip":"广告点击","type":"adv1"}}
{"level":"info","message":{"time":"2024/6/8 15:43:49","tip":"广告页面加载完成","type":"adv1"}}
{"level":"info","message":{"body":"{\"code\":200,\"msg\":\"提交成功\",\"data\":[]}","brand":"google","model":"Pixel 4a","tip":"重置机型成功"}}
{"level":"info","message":{"data":"{\"code\":0,\"success\":true,\"msg\":\"请求成功\",\"request_ip\":\"114.93.3.27\",\"data\":\"更新成功\"}","tip":"切换代理IP成功"}}
{"level":"error","name":"unknown error"}
{"level":"info","message":{"time":"2024/6/8 15:44:27","tip":"打开网站"}}
{"level":"info","message":{"time":"2024/6/8 15:44:45","tip":"网站已打开"}}
{"level":"info","message":{"time":"2024/6/8 15:44:45","tip":"广告曝光"}}
{"level":"info","message":{"tip":"广告曝光 数量1"}}
{"level":"info","message":{"time":"2024/6/8 15:45:10","tip":"进入子页面"}}
{"level":"info","message":{"time":"2024/6/8 15:45:19","tip":"c-广告曝光"}}
{"level":"info","message":{"tip":"c-广告曝光 数量1"}}
{"level":"info","message":{"body":"{\"code\":200,\"msg\":\"提交成功\",\"data\":[]}","brand":"google","model":"pixel3a","tip":"重置机型成功"}}
{"level":"info","message":{"data":"{\"code\":0,\"success\":true,\"msg\":\"请求成功\",\"request_ip\":\"114.93.3.27\",\"data\":\"更新成功\"}","tip":"切换代理IP成功"}}
{"level":"error","name":"unknown error"}
{"level":"info","message":{"time":"2024/6/8 15:46:16","tip":"打开网站"}}
{"level":"info","message":{"time":"2024/6/8 15:46:33","tip":"网站已打开"}}
{"level":"info","message":{"time":"2024/6/8 15:46:33","tip":"广告曝光"}}
{"level":"info","message":{"tip":"广告曝光 数量1"}}
{"level":"info","message":{"body":"{\"code\":200,\"msg\":\"提交成功\",\"data\":[]}","brand":"google","model":"Pixel 4a","tip":"重置机型成功"}}
{"level":"info","message":{"data":"{\"code\":0,\"success\":true,\"msg\":\"请求成功\",\"request_ip\":\"114.93.3.27\",\"data\":\"更新成功\"}","tip":"切换代理IP成功"}}
{"level":"error","name":"unknown error"}
{"level":"info","message":{"time":"2024/6/8 15:47:30","tip":"打开网站"}}
{"level":"info","message":{"time":"2024/6/8 15:47:47","tip":"网站已打开"}}
{"level":"info","message":{"time":"2024/6/8 15:47:47","tip":"广告曝光"}}
{"level":"info","message":{"tip":"广告曝光 数量1"}}
{"level":"info","message":{"time":"2024/6/8 15:48:13","tip":"进入子页面"}}
{"level":"info","message":{"time":"2024/6/8 15:48:21","tip":"c-广告曝光"}}
{"level":"info","message":{"tip":"c-广告曝光 数量1"}}
{"level":"info","message":{"body":"{\"code\":200,\"msg\":\"提交成功\",\"data\":[]}","brand":"google","model":"Pixel 6","tip":"重置机型成功"}}
{"level":"info","message":{"data":"{\"code\":0,\"success\":true,\"msg\":\"请求成功\",\"request_ip\":\"114.93.3.27\",\"data\":\"更新成功\"}","tip":"切换代理IP成功"}}
{"level":"error","name":"unknown error"}
{"level":"info","message":{"time":"2024/6/8 15:49:21","tip":"打开网站"}}
{"level":"info","message":{"time":"2024/6/8 15:49:38","tip":"网站已打开"}}
{"level":"info","message":{"time":"2024/6/8 15:49:38","tip":"广告曝光"}}
{"level":"info","message":{"tip":"广告曝光 数量1"}}
{"level":"info","message":{"time":"2024/6/8 15:49:59","tip":"进入子页面"}}
{"level":"info","message":{"time":"2024/6/8 15:50:07","tip":"c-广告曝光"}}
{"level":"info","message":{"tip":"c-广告曝光 数量1"}}
{"level":"info","message":{"body":"{\"code\":200,\"msg\":\"提交成功\",\"data\":[]}","brand":"google","model":"Pixel 4a","tip":"重置机型成功"}}
{"level":"info","message":{"data":"{\"code\":0,\"success\":true,\"msg\":\"请求成功\",\"request_ip\":\"114.93.3.27\",\"data\":\"更新成功\"}","tip":"切换代理IP成功"}}
{"level":"error","name":"unknown error"}
{"level":"info","message":{"time":"2024/6/8 15:51:04","tip":"打开网站"}}
{"level":"info","message":{"time":"2024/6/8 15:51:21","tip":"网站已打开"}}
{"level":"info","message":{"time":"2024/6/8 15:51:21","tip":"广告曝光"}}
{"level":"info","message":{"tip":"广告曝光 数量1"}}
{"level":"info","message":{"body":"{\"code\":200,\"msg\":\"提交成功\",\"data\":[]}","brand":"google","model":"pixel5","tip":"重置机型成功"}}
{"level":"info","message":{"data":"{\"code\":0,\"success\":true,\"msg\":\"请求成功\",\"request_ip\":\"114.93.3.27\",\"data\":\"更新成功\"}","tip":"切换代理IP成功"}}
{"level":"error","name":"unknown error"}
{"level":"info","message":{"time":"2024/6/8 15:53:03","tip":"打开网站"}}
{"level":"info","message":{"time":"2024/6/8 15:53:20","tip":"网站已打开"}}
{"level":"info","message":{"time":"2024/6/8 15:53:21","tip":"广告曝光"}}
{"level":"info","message":{"tip":"广告曝光 数量1"}}
{"level":"info","message":{"time":"2024/6/8 15:53:43","tip":"进入子页面"}}
{"level":"info","message":{"time":"2024/6/8 15:53:52","tip":"c-广告曝光"}}
{"level":"info","message":{"tip":"c-广告曝光 数量1"}}
{"level":"info","message":{"time":"2024/6/8 15:54:16","tip":"广告点击","type":"c-iframe"}}
{"level":"info","message":{"time":"2024/6/8 15:54:46","tip":"广告页面加载完成","type":"c-iframe"}}
{"level":"info","message":{"tip":"切换到窗口 FF84DAB5F925C818BF4314BB35D8AE06"}}
{"level":"info","message":{"tip":"窗口 FF84DAB5F925C818BF4314BB35D8AE06 Cookies 已成功清除"}}
{"level":"info","message":{"tip":"窗口 FF84DAB5F925C818BF4314BB35D8AE06 LocalStorage 已成功清除"}}
{"level":"info","message":{"tip":"窗口 FF84DAB5F925C818BF4314BB35D8AE06 已关闭"}}
{"level":"info","message":{"tip":"切换到窗口 A031E7349F410D6B40B570699D76A3FA"}}
{"level":"info","message":{"tip":"窗口 A031E7349F410D6B40B570699D76A3FA Cookies 已成功清除"}}
{"level":"info","message":{"tip":"窗口 A031E7349F410D6B40B570699D76A3FA LocalStorage 已成功清除"}}
{"level":"info","message":{"body":"{\"code\":200,\"msg\":\"提交成功\",\"data\":[]}","brand":"google","model":"Pixel 4a","tip":"重置机型成功"}}
{"level":"info","message":{"data":"{\"code\":0,\"success\":true,\"msg\":\"请求成功\",\"request_ip\":\"114.93.3.27\",\"data\":\"更新成功\"}","tip":"切换代理IP成功"}}
{"level":"info","message":{"time":"2024/6/8 15:56:07","tip":"打开网站"}}
{"level":"info","message":{"time":"2024/6/8 15:56:24","tip":"网站已打开"}}
{"level":"info","message":{"time":"2024/6/8 15:56:24","tip":"广告曝光"}}
{"level":"info","message":{"tip":"广告曝光 数量1"}}
{"level":"info","message":{"time":"2024/6/8 15:56:46","tip":"广告点击","type":"adv1"}}
{"level":"info","message":{"time":"2024/6/8 15:57:18","tip":"广告页面加载完成","type":"adv1"}}
{"level":"info","message":{"tip":"切换到窗口 A031E7349F410D6B40B570699D76A3FA"}}
{"level":"info","message":{"tip":"窗口 A031E7349F410D6B40B570699D76A3FA Cookies 已成功清除"}}
{"level":"info","message":{"tip":"窗口 A031E7349F410D6B40B570699D76A3FA LocalStorage 已成功清除"}}
{"level":"info","message":{"body":"{\"code\":200,\"msg\":\"提交成功\",\"data\":[]}","brand":"google","model":"Pixel 4a","tip":"重置机型成功"}}
{"level":"info","message":{"data":"{\"code\":0,\"success\":true,\"msg\":\"请求成功\",\"request_ip\":\"114.93.3.27\",\"data\":\"更新成功\"}","tip":"切换代理IP成功"}}
{"level":"info","message":{"time":"2024/6/8 15:57:41","tip":"打开网站"}}
{"level":"info","message":{"time":"2024/6/8 15:57:58","tip":"网站已打开"}}
{"level":"info","message":{"time":"2024/6/8 15:57:58","tip":"广告曝光"}}
{"level":"info","message":{"tip":"广告曝光 数量1"}}
{"level":"info","message":{"time":"2024/6/8 15:58:26","tip":"进入子页面"}}
{"level":"info","message":{"time":"2024/6/8 15:58:34","tip":"c-广告曝光"}}
{"level":"info","message":{"tip":"c-广告曝光 数量1"}}
{"level":"info","message":{"time":"2024/6/8 15:59:17","tip":"广告点击","type":"c-iframe"}}
{"level":"info","message":{"time":"2024/6/8 15:59:41","tip":"广告页面加载完成","type":"c-iframe"}}
{"level":"info","message":{"tip":"切换到窗口 A031E7349F410D6B40B570699D76A3FA"}}
{"level":"info","message":{"tip":"窗口 A031E7349F410D6B40B570699D76A3FA Cookies 已成功清除"}}
{"level":"info","message":{"tip":"窗口 A031E7349F410D6B40B570699D76A3FA LocalStorage 已成功清除"}}
{"level":"info","message":{"body":"{\"code\":200,\"msg\":\"提交成功\",\"data\":[]}","brand":"google","model":"pixel5","tip":"重置机型成功"}}
{"level":"info","message":{"data":"{\"code\":0,\"success\":true,\"msg\":\"请求成功\",\"request_ip\":\"114.93.3.27\",\"data\":\"更新成功\"}","tip":"切换代理IP成功"}}
{"level":"info","message":{"time":"2024/6/8 16:00:02","tip":"打开网站"}}
{"level":"info","message":{"time":"2024/6/8 16:00:20","tip":"网站已打开"}}
{"level":"info","message":{"time":"2024/6/8 16:00:20","tip":"广告曝光"}}
{"level":"info","message":{"tip":"广告曝光 数量1"}}
{"level":"info","message":{"tip":"切换到窗口 A031E7349F410D6B40B570699D76A3FA"}}
{"level":"info","message":{"tip":"窗口 A031E7349F410D6B40B570699D76A3FA Cookies 已成功清除"}}
{"level":"info","message":{"tip":"窗口 A031E7349F410D6B40B570699D76A3FA LocalStorage 已成功清除"}}
{"level":"info","message":{"body":"{\"code\":200,\"msg\":\"提交成功\",\"data\":[]}","brand":"google","model":"Pixel 4a","tip":"重置机型成功"}}
{"level":"info","message":{"data":"{\"code\":0,\"success\":true,\"msg\":\"请求成功\",\"request_ip\":\"114.93.3.27\",\"data\":\"更新成功\"}","tip":"切换代理IP成功"}}
{"level":"info","message":{"time":"2024/6/8 16:01:01","tip":"打开网站"}}
{"level":"info","message":{"time":"2024/6/8 16:01:18","tip":"网站已打开"}}
{"level":"info","message":{"time":"2024/6/8 16:01:18","tip":"广告曝光"}}
{"level":"info","message":{"tip":"广告曝光 数量1"}}
{"level":"info","message":{"time":"2024/6/8 16:01:43","tip":"广告点击","type":"adv1"}}
{"level":"info","message":{"time":"2024/6/8 16:02:09","tip":"广告页面加载完成","type":"adv1"}}
{"level":"info","message":{"tip":"切换到窗口 A031E7349F410D6B40B570699D76A3FA"}}
{"level":"info","message":{"tip":"窗口 A031E7349F410D6B40B570699D76A3FA Cookies 已成功清除"}}
{"level":"info","message":{"tip":"窗口 A031E7349F410D6B40B570699D76A3FA LocalStorage 已成功清除"}}
{"level":"info","message":{"tip":"窗口 A031E7349F410D6B40B570699D76A3FA 已关闭"}}
{"level":"info","message":{"tip":"切换到窗口 297F434D4FBEE1F6C9D730CA1F59FF69"}}
{"level":"info","message":{"tip":"窗口 297F434D4FBEE1F6C9D730CA1F59FF69 Cookies 已成功清除"}}
{"level":"info","message":{"tip":"窗口 297F434D4FBEE1F6C9D730CA1F59FF69 LocalStorage 已成功清除"}}
{"level":"info","message":{"body":"{\"code\":200,\"msg\":\"提交成功\",\"data\":[]}","brand":"google","model":"pixel3a","tip":"重置机型成功"}}
{"level":"info","message":{"data":"{\"code\":0,\"success\":true,\"msg\":\"请求成功\",\"request_ip\":\"114.93.3.27\",\"data\":\"更新成功\"}","tip":"切换代理IP成功"}}
{"level":"info","message":{"time":"2024/6/8 16:02:39","tip":"打开网站"}}
{"level":"info","message":{"time":"2024/6/8 16:02:56","tip":"网站已打开"}}
{"level":"info","message":{"time":"2024/6/8 16:02:56","tip":"广告曝光"}}
{"level":"info","message":{"tip":"广告曝光 数量1"}}
{"level":"info","message":{"time":"2024/6/8 16:03:21","tip":"进入子页面"}}
{"level":"info","message":{"time":"2024/6/8 16:03:30","tip":"c-广告曝光"}}
{"level":"info","message":{"tip":"c-广告曝光 数量1"}}
{"level":"info","message":{"tip":"切换到窗口 297F434D4FBEE1F6C9D730CA1F59FF69"}}
{"level":"info","message":{"tip":"窗口 297F434D4FBEE1F6C9D730CA1F59FF69 Cookies 已成功清除"}}
{"level":"info","message":{"tip":"窗口 297F434D4FBEE1F6C9D730CA1F59FF69 LocalStorage 已成功清除"}}
{"level":"info","message":{"body":"{\"code\":200,\"msg\":\"提交成功\",\"data\":[]}","brand":"google","model":"Pixel 4a","tip":"重置机型成功"}}
{"level":"info","message":{"data":"{\"code\":0,\"success\":true,\"msg\":\"请求成功\",\"request_ip\":\"114.93.3.27\",\"data\":\"更新成功\"}","tip":"切换代理IP成功"}}
{"level":"info","message":{"time":"2024/6/8 16:04:04","tip":"打开网站"}}
{"level":"info","message":{"time":"2024/6/8 16:04:21","tip":"网站已打开"}}
{"level":"info","message":{"time":"2024/6/8 16:04:22","tip":"广告曝光"}}
{"level":"info","message":{"tip":"广告曝光 数量1"}}
{"level":"info","message":{"time":"2024/6/8 16:04:49","tip":"进入子页面"}}
{"level":"info","message":{"time":"2024/6/8 16:04:57","tip":"c-广告曝光"}}
{"level":"info","message":{"tip":"c-广告曝光 数量1"}}
{"level":"info","message":{"tip":"切换到窗口 297F434D4FBEE1F6C9D730CA1F59FF69"}}
{"level":"info","message":{"tip":"窗口 297F434D4FBEE1F6C9D730CA1F59FF69 Cookies 已成功清除"}}
{"level":"info","message":{"tip":"窗口 297F434D4FBEE1F6C9D730CA1F59FF69 LocalStorage 已成功清除"}}
{"level":"info","message":{"body":"{\"code\":200,\"msg\":\"提交成功\",\"data\":[]}","brand":"google","model":"pixel5","tip":"重置机型成功"}}
{"level":"info","message":{"data":"{\"code\":0,\"success\":true,\"msg\":\"请求成功\",\"request_ip\":\"114.93.3.27\",\"data\":\"更新成功\"}","tip":"切换代理IP成功"}}
{"level":"info","message":{"time":"2024/6/8 16:05:28","tip":"打开网站"}}
{"level":"info","message":{"time":"2024/6/8 16:05:45","tip":"网站已打开"}}
{"level":"info","message":{"time":"2024/6/8 16:05:45","tip":"广告曝光"}}
{"level":"info","message":{"tip":"广告曝光 数量1"}}
{"level":"info","message":{"tip":"切换到窗口 297F434D4FBEE1F6C9D730CA1F59FF69"}}
{"level":"info","message":{"tip":"窗口 297F434D4FBEE1F6C9D730CA1F59FF69 Cookies 已成功清除"}}
{"level":"info","message":{"tip":"窗口 297F434D4FBEE1F6C9D730CA1F59FF69 LocalStorage 已成功清除"}}
{"level":"info","message":{"body":"{\"code\":200,\"msg\":\"提交成功\",\"data\":[]}","brand":"google","model":"pixel3a","tip":"重置机型成功"}}
{"level":"info","message":{"data":"{\"code\":0,\"success\":true,\"msg\":\"请求成功\",\"request_ip\":\"114.93.3.27\",\"data\":\"更新成功\"}","tip":"切换代理IP成功"}}
{"level":"info","message":{"time":"2024/6/8 16:06:17","tip":"打开网站"}}
{"level":"info","message":{"time":"2024/6/8 16:06:35","tip":"网站已打开"}}
{"level":"info","message":{"time":"2024/6/8 16:06:35","tip":"广告曝光"}}
{"level":"info","message":{"tip":"广告曝光 数量1"}}
{"level":"info","message":{"tip":"切换到窗口 297F434D4FBEE1F6C9D730CA1F59FF69"}}
{"level":"info","message":{"tip":"窗口 297F434D4FBEE1F6C9D730CA1F59FF69 Cookies 已成功清除"}}
{"level":"info","message":{"tip":"窗口 297F434D4FBEE1F6C9D730CA1F59FF69 LocalStorage 已成功清除"}}
{"level":"info","message":{"body":"{\"code\":200,\"msg\":\"提交成功\",\"data\":[]}","brand":"google","model":"Pixel 4a","tip":"重置机型成功"}}
{"level":"info","message":{"data":"{\"code\":0,\"success\":true,\"msg\":\"请求成功\",\"request_ip\":\"114.93.3.27\",\"data\":\"更新成功\"}","tip":"切换代理IP成功"}}
{"level":"info","message":{"time":"2024/6/8 16:07:12","tip":"打开网站"}}
{"level":"info","message":{"time":"2024/6/8 16:07:29","tip":"网站已打开"}}
{"level":"info","message":{"time":"2024/6/8 16:07:29","tip":"广告曝光"}}
{"level":"info","message":{"tip":"广告曝光 数量1"}}
{"level":"info","message":{"time":"2024/6/8 16:08:15","tip":"广告点击","type":"adv1"}}
{"level":"info","message":{"time":"2024/6/8 16:08:41","tip":"广告页面加载完成","type":"adv1"}}
{"level":"info","message":{"tip":"切换到窗口 297F434D4FBEE1F6C9D730CA1F59FF69"}}
{"level":"info","message":{"tip":"窗口 297F434D4FBEE1F6C9D730CA1F59FF69 Cookies 已成功清除"}}
{"level":"info","message":{"tip":"窗口 297F434D4FBEE1F6C9D730CA1F59FF69 LocalStorage 已成功清除"}}
{"level":"info","message":{"body":"{\"code\":200,\"msg\":\"提交成功\",\"data\":[]}","brand":"google","model":"pixel3a","tip":"重置机型成功"}}
{"level":"info","message":{"data":"{\"code\":0,\"success\":true,\"msg\":\"请求成功\",\"request_ip\":\"114.93.3.27\",\"data\":\"更新成功\"}","tip":"切换代理IP成功"}}
{"level":"info","message":{"time":"2024/6/8 16:08:57","tip":"打开网站"}}
{"level":"info","message":{"time":"2024/6/8 16:09:14","tip":"网站已打开"}}
{"level":"info","message":{"time":"2024/6/8 16:09:14","tip":"广告曝光"}}
{"level":"info","message":{"tip":"广告曝光 数量1"}}
{"level":"info","message":{"tip":"切换到窗口 297F434D4FBEE1F6C9D730CA1F59FF69"}}
{"level":"info","message":{"tip":"窗口 297F434D4FBEE1F6C9D730CA1F59FF69 Cookies 已成功清除"}}
{"level":"info","message":{"tip":"窗口 297F434D4FBEE1F6C9D730CA1F59FF69 LocalStorage 已成功清除"}}
{"level":"info","message":{"body":"{\"code\":200,\"msg\":\"提交成功\",\"data\":[]}","brand":"google","model":"pixel5","tip":"重置机型成功"}}
{"level":"info","message":{"data":"{\"code\":0,\"success\":true,\"msg\":\"请求成功\",\"request_ip\":\"114.93.3.27\",\"data\":\"更新成功\"}","tip":"切换代理IP成功"}}
{"level":"info","message":{"time":"2024/6/8 16:09:44","tip":"打开网站"}}
{"level":"info","message":{"time":"2024/6/8 16:10:02","tip":"网站已打开"}}
{"level":"info","message":{"time":"2024/6/8 16:10:02","tip":"广告曝光"}}
{"level":"info","message":{"tip":"广告曝光 数量1"}}
{"level":"info","message":{"time":"2024/6/8 16:10:26","tip":"进入子页面"}}
{"level":"info","message":{"time":"2024/6/8 16:10:35","tip":"c-广告曝光"}}
{"level":"info","message":{"tip":"c-广告曝光 数量1"}}
{"level":"info","message":{"tip":"切换到窗口 297F434D4FBEE1F6C9D730CA1F59FF69"}}
{"level":"info","message":{"tip":"窗口 297F434D4FBEE1F6C9D730CA1F59FF69 Cookies 已成功清除"}}
{"level":"info","message":{"tip":"窗口 297F434D4FBEE1F6C9D730CA1F59FF69 LocalStorage 已成功清除"}}
{"level":"info","message":{"body":"{\"code\":200,\"msg\":\"提交成功\",\"data\":[]}","brand":"google","model":"Pixel 4a","tip":"重置机型成功"}}
{"level":"info","message":{"data":"{\"code\":0,\"success\":true,\"msg\":\"请求成功\",\"request_ip\":\"114.93.3.27\",\"data\":\"更新成功\"}","tip":"切换代理IP成功"}}
{"level":"info","message":{"time":"2024/6/8 16:11:18","tip":"打开网站"}}
{"level":"info","message":{"time":"2024/6/8 16:11:35","tip":"网站已打开"}}
{"level":"info","message":{"time":"2024/6/8 16:11:35","tip":"广告曝光"}}
{"level":"info","message":{"tip":"广告曝光 数量1"}}
{"level":"info","message":{"time":"2024/6/8 16:12:01","tip":"进入子页面"}}
{"level":"info","message":{"time":"2024/6/8 16:12:10","tip":"c-广告曝光"}}
{"level":"info","message":{"tip":"c-广告曝光 数量1"}}
{"level":"info","message":{"tip":"切换到窗口 297F434D4FBEE1F6C9D730CA1F59FF69"}}
{"level":"info","message":{"tip":"窗口 297F434D4FBEE1F6C9D730CA1F59FF69 Cookies 已成功清除"}}
{"level":"info","message":{"tip":"窗口 297F434D4FBEE1F6C9D730CA1F59FF69 LocalStorage 已成功清除"}}
{"level":"info","message":{"body":"{\"code\":200,\"msg\":\"提交成功\",\"data\":[]}","brand":"google","model":"pixel5","tip":"重置机型成功"}}
{"level":"info","message":{"data":"{\"code\":0,\"success\":true,\"msg\":\"请求成功\",\"request_ip\":\"114.93.3.27\",\"data\":\"更新成功\"}","tip":"切换代理IP成功"}}
{"level":"info","message":{"time":"2024/6/8 16:12:40","tip":"打开网站"}}
{"level":"info","message":{"time":"2024/6/8 16:12:58","tip":"网站已打开"}}
{"level":"info","message":{"time":"2024/6/8 16:12:58","tip":"广告曝光"}}
{"level":"info","message":{"tip":"广告曝光 数量1"}}
{"level":"info","message":{"time":"2024/6/8 16:13:31","tip":"广告点击","type":"adv1"}}
{"level":"info","message":{"time":"2024/6/8 16:13:52","tip":"广告页面加载完成","type":"adv1"}}
{"level":"info","message":{"tip":"切换到窗口 297F434D4FBEE1F6C9D730CA1F59FF69"}}
{"level":"info","message":{"tip":"窗口 297F434D4FBEE1F6C9D730CA1F59FF69 Cookies 已成功清除"}}
{"level":"info","message":{"tip":"窗口 297F434D4FBEE1F6C9D730CA1F59FF69 LocalStorage 已成功清除"}}
{"level":"info","message":{"body":"{\"code\":200,\"msg\":\"提交成功\",\"data\":[]}","brand":"google","model":"pixel5","tip":"重置机型成功"}}
{"level":"info","message":{"data":"{\"code\":0,\"success\":true,\"msg\":\"请求成功\",\"request_ip\":\"114.93.3.27\",\"data\":\"更新成功\"}","tip":"切换代理IP成功"}}
{"level":"info","message":{"time":"2024/6/8 16:14:06","tip":"打开网站"}}
{"level":"info","message":{"time":"2024/6/8 16:14:24","tip":"网站已打开"}}
{"level":"info","message":{"time":"2024/6/8 16:14:24","tip":"广告曝光"}}
{"level":"info","message":{"tip":"广告曝光 数量1"}}
{"level":"info","message":{"time":"2024/6/8 16:14:44","tip":"进入子页面"}}
{"level":"info","message":{"time":"2024/6/8 16:14:53","tip":"c-广告曝光"}}
{"level":"info","message":{"tip":"c-广告曝光 数量1"}}
{"level":"info","message":{"tip":"切换到窗口 297F434D4FBEE1F6C9D730CA1F59FF69"}}
{"level":"info","message":{"tip":"窗口 297F434D4FBEE1F6C9D730CA1F59FF69 Cookies 已成功清除"}}
{"level":"info","message":{"tip":"窗口 297F434D4FBEE1F6C9D730CA1F59FF69 LocalStorage 已成功清除"}}
{"level":"info","message":{"body":"{\"code\":200,\"msg\":\"提交成功\",\"data\":[]}","brand":"google","model":"pixel3a","tip":"重置机型成功"}}
{"level":"info","message":{"data":"{\"code\":0,\"success\":true,\"msg\":\"请求成功\",\"request_ip\":\"114.93.3.27\",\"data\":\"更新成功\"}","tip":"切换代理IP成功"}}
{"level":"info","message":{"time":"2024/6/8 16:15:29","tip":"打开网站"}}
{"level":"info","message":{"time":"2024/6/8 16:15:46","tip":"网站已打开"}}
{"level":"info","message":{"time":"2024/6/8 16:15:46","tip":"广告曝光"}}
{"level":"info","message":{"tip":"广告曝光 数量1"}}
{"level":"info","message":{"time":"2024/6/8 16:16:12","tip":"进入子页面"}}
{"level":"info","message":{"time":"2024/6/8 16:16:20","tip":"c-广告曝光"}}
{"level":"info","message":{"tip":"c-广告曝光 数量1"}}
{"level":"info","message":{"tip":"切换到窗口 297F434D4FBEE1F6C9D730CA1F59FF69"}}
{"level":"info","message":{"tip":"窗口 297F434D4FBEE1F6C9D730CA1F59FF69 Cookies 已成功清除"}}
{"level":"info","message":{"tip":"窗口 297F434D4FBEE1F6C9D730CA1F59FF69 LocalStorage 已成功清除"}}
{"level":"info","message":{"body":"{\"code\":200,\"msg\":\"提交成功\",\"data\":[]}","brand":"google","model":"Pixel 4a","tip":"重置机型成功"}}
{"level":"info","message":{"data":"{\"code\":0,\"success\":true,\"msg\":\"请求成功\",\"request_ip\":\"114.93.3.27\",\"data\":\"更新成功\"}","tip":"切换代理IP成功"}}
{"level":"info","message":{"time":"2024/6/8 16:16:57","tip":"打开网站"}}
{"level":"info","message":{"time":"2024/6/8 16:17:14","tip":"网站已打开"}}
{"level":"info","message":{"time":"2024/6/8 16:17:14","tip":"广告曝光"}}
{"level":"info","message":{"tip":"广告曝光 数量1"}}
{"level":"info","message":{"time":"2024/6/8 16:17:40","tip":"进入子页面"}}
{"level":"info","message":{"time":"2024/6/8 16:17:49","tip":"c-广告曝光"}}
{"level":"info","message":{"tip":"c-广告曝光 数量1"}}
{"level":"info","message":{"tip":"切换到窗口 297F434D4FBEE1F6C9D730CA1F59FF69"}}
{"level":"info","message":{"tip":"窗口 297F434D4FBEE1F6C9D730CA1F59FF69 Cookies 已成功清除"}}
{"level":"info","message":{"tip":"窗口 297F434D4FBEE1F6C9D730CA1F59FF69 LocalStorage 已成功清除"}}
{"level":"info","message":{"body":"{\"code\":200,\"msg\":\"提交成功\",\"data\":[]}","brand":"google","model":"Pixel 4a","tip":"重置机型成功"}}
{"level":"info","message":{"data":"{\"code\":0,\"success\":true,\"msg\":\"请求成功\",\"request_ip\":\"114.93.3.27\",\"data\":\"更新成功\"}","tip":"切换代理IP成功"}}
{"level":"info","message":{"time":"2024/6/8 16:18:21","tip":"打开网站"}}
{"level":"info","message":{"time":"2024/6/8 16:18:39","tip":"网站已打开"}}
{"level":"info","message":{"time":"2024/6/8 16:18:39","tip":"广告曝光"}}
{"level":"info","message":{"tip":"广告曝光 数量1"}}
{"level":"info","message":{"time":"2024/6/8 16:19:07","tip":"进入子页面"}}
{"level":"info","message":{"time":"2024/6/8 16:19:16","tip":"c-广告曝光"}}
{"level":"info","message":{"tip":"c-广告曝光 数量1"}}
{"level":"info","message":{"tip":"切换到窗口 297F434D4FBEE1F6C9D730CA1F59FF69"}}
{"level":"info","message":{"tip":"窗口 297F434D4FBEE1F6C9D730CA1F59FF69 Cookies 已成功清除"}}
{"level":"info","message":{"tip":"窗口 297F434D4FBEE1F6C9D730CA1F59FF69 LocalStorage 已成功清除"}}
{"level":"info","message":{"body":"{\"code\":200,\"msg\":\"提交成功\",\"data\":[]}","brand":"google","model":"Pixel 6","tip":"重置机型成功"}}
{"level":"info","message":{"data":"{\"code\":0,\"success\":true,\"msg\":\"请求成功\",\"request_ip\":\"114.93.3.27\",\"data\":\"更新成功\"}","tip":"切换代理IP成功"}}
{"level":"info","message":{"time":"2024/6/8 16:19:46","tip":"打开网站"}}
{"level":"info","message":{"time":"2024/6/8 16:20:03","tip":"网站已打开"}}
{"level":"info","message":{"time":"2024/6/8 16:20:03","tip":"广告曝光"}}
{"level":"info","message":{"tip":"广告曝光 数量1"}}
{"level":"info","message":{"time":"2024/6/8 16:20:34","tip":"广告点击","type":"adv1"}}
{"level":"info","message":{"time":"2024/6/8 16:20:58","tip":"广告页面加载完成","type":"adv1"}}
{"level":"info","message":{"tip":"切换到窗口 297F434D4FBEE1F6C9D730CA1F59FF69"}}
{"level":"info","message":{"tip":"窗口 297F434D4FBEE1F6C9D730CA1F59FF69 Cookies 已成功清除"}}
{"level":"info","message":{"tip":"窗口 297F434D4FBEE1F6C9D730CA1F59FF69 LocalStorage 已成功清除"}}
{"level":"info","message":{"body":"{\"code\":200,\"msg\":\"提交成功\",\"data\":[]}","brand":"google","model":"pixel5","tip":"重置机型成功"}}
{"level":"info","message":{"data":"{\"code\":0,\"success\":true,\"msg\":\"请求成功\",\"request_ip\":\"114.93.3.27\",\"data\":\"更新成功\"}","tip":"切换代理IP成功"}}
{"level":"info","message":{"time":"2024/6/8 16:21:15","tip":"打开网站"}}
{"level":"info","message":{"time":"2024/6/8 16:21:32","tip":"网站已打开"}}
{"level":"info","message":{"time":"2024/6/8 16:21:32","tip":"广告曝光"}}
{"level":"info","message":{"tip":"广告曝光 数量1"}}
{"level":"info","message":{"tip":"切换到窗口 297F434D4FBEE1F6C9D730CA1F59FF69"}}
{"level":"info","message":{"tip":"窗口 297F434D4FBEE1F6C9D730CA1F59FF69 Cookies 已成功清除"}}
{"level":"info","message":{"tip":"窗口 297F434D4FBEE1F6C9D730CA1F59FF69 LocalStorage 已成功清除"}}
{"level":"info","message":{"body":"{\"code\":200,\"msg\":\"提交成功\",\"data\":[]}","brand":"google","model":"pixel3a","tip":"重置机型成功"}}
{"level":"info","message":{"data":"{\"code\":0,\"success\":true,\"msg\":\"请求成功\",\"request_ip\":\"114.93.3.27\",\"data\":\"更新成功\"}","tip":"切换代理IP成功"}}
{"level":"info","message":{"time":"2024/6/8 16:22:04","tip":"打开网站"}}
{"level":"info","message":{"time":"2024/6/8 16:22:21","tip":"网站已打开"}}
{"level":"info","message":{"time":"2024/6/8 16:22:21","tip":"广告曝光"}}
{"level":"info","message":{"tip":"广告曝光 数量1"}}
{"level":"info","message":{"time":"2024/6/8 16:22:44","tip":"进入子页面"}}
{"level":"info","message":{"time":"2024/6/8 16:22:53","tip":"c-广告曝光"}}
{"level":"info","message":{"tip":"c-广告曝光 数量1"}}
{"level":"info","message":{"tip":"切换到窗口 297F434D4FBEE1F6C9D730CA1F59FF69"}}
{"level":"info","message":{"tip":"窗口 297F434D4FBEE1F6C9D730CA1F59FF69 Cookies 已成功清除"}}
{"level":"info","message":{"tip":"窗口 297F434D4FBEE1F6C9D730CA1F59FF69 LocalStorage 已成功清除"}}
{"level":"info","message":{"body":"{\"code\":200,\"msg\":\"提交成功\",\"data\":[]}","brand":"google","model":"pixel5","tip":"重置机型成功"}}
{"level":"info","message":{"data":"{\"code\":0,\"success\":true,\"msg\":\"请求成功\",\"request_ip\":\"114.93.3.27\",\"data\":\"更新成功\"}","tip":"切换代理IP成功"}}
{"level":"info","message":{"time":"2024/6/8 16:23:28","tip":"打开网站"}}
{"level":"info","message":{"time":"2024/6/8 16:23:46","tip":"网站已打开"}}
{"level":"info","message":{"time":"2024/6/8 16:23:46","tip":"广告曝光"}}
{"level":"info","message":{"tip":"广告曝光 数量1"}}
{"level":"info","message":{"tip":"切换到窗口 297F434D4FBEE1F6C9D730CA1F59FF69"}}
{"level":"info","message":{"tip":"窗口 297F434D4FBEE1F6C9D730CA1F59FF69 Cookies 已成功清除"}}
{"level":"info","message":{"tip":"窗口 297F434D4FBEE1F6C9D730CA1F59FF69 LocalStorage 已成功清除"}}
{"level":"info","message":{"body":"{\"code\":200,\"msg\":\"提交成功\",\"data\":[]}","brand":"google","model":"Pixel 4a","tip":"重置机型成功"}}
{"level":"info","message":{"data":"{\"code\":0,\"success\":true,\"msg\":\"请求成功\",\"request_ip\":\"114.93.3.27\",\"data\":\"更新成功\"}","tip":"切换代理IP成功"}}
{"level":"info","message":{"time":"2024/6/8 16:24:16","tip":"打开网站"}}
{"level":"info","message":{"time":"2024/6/8 16:24:33","tip":"网站已打开"}}
{"level":"info","message":{"time":"2024/6/8 16:24:34","tip":"广告曝光"}}
{"level":"info","message":{"tip":"广告曝光 数量1"}}
{"level":"info","message":{"time":"2024/6/8 16:24:55","tip":"进入子页面"}}
{"level":"info","message":{"time":"2024/6/8 16:25:03","tip":"c-广告曝光"}}
{"level":"info","message":{"tip":"c-广告曝光 数量1"}}
{"level":"info","message":{"tip":"切换到窗口 297F434D4FBEE1F6C9D730CA1F59FF69"}}
{"level":"info","message":{"tip":"窗口 297F434D4FBEE1F6C9D730CA1F59FF69 Cookies 已成功清除"}}
{"level":"info","message":{"tip":"窗口 297F434D4FBEE1F6C9D730CA1F59FF69 LocalStorage 已成功清除"}}
{"level":"info","message":{"body":"{\"code\":200,\"msg\":\"提交成功\",\"data\":[]}","brand":"google","model":"Pixel 4a","tip":"重置机型成功"}}
{"level":"info","message":{"data":"{\"code\":0,\"success\":true,\"msg\":\"请求成功\",\"request_ip\":\"114.93.3.27\",\"data\":\"更新成功\"}","tip":"切换代理IP成功"}}
{"level":"info","message":{"time":"2024/6/8 16:25:37","tip":"打开网站"}}
{"level":"info","message":{"time":"2024/6/8 16:25:55","tip":"网站已打开"}}
{"level":"info","message":{"time":"2024/6/8 16:25:55","tip":"广告曝光"}}
{"level":"info","message":{"tip":"广告曝光 数量1"}}
{"level":"info","message":{"time":"2024/6/8 16:26:21","tip":"进入子页面"}}
{"level":"info","message":{"time":"2024/6/8 16:26:30","tip":"c-广告曝光"}}
{"level":"info","message":{"tip":"c-广告曝光 数量1"}}
{"level":"info","message":{"tip":"切换到窗口 297F434D4FBEE1F6C9D730CA1F59FF69"}}
{"level":"info","message":{"tip":"窗口 297F434D4FBEE1F6C9D730CA1F59FF69 Cookies 已成功清除"}}
{"level":"info","message":{"tip":"窗口 297F434D4FBEE1F6C9D730CA1F59FF69 LocalStorage 已成功清除"}}
{"level":"info","message":{"body":"{\"code\":200,\"msg\":\"提交成功\",\"data\":[]}","brand":"google","model":"Pixel 4a","tip":"重置机型成功"}}
{"level":"info","message":{"data":"{\"code\":0,\"success\":true,\"msg\":\"请求成功\",\"request_ip\":\"114.93.3.27\",\"data\":\"更新成功\"}","tip":"切换代理IP成功"}}
{"level":"info","message":{"time":"2024/6/8 16:27:05","tip":"打开网站"}}
{"level":"info","message":{"time":"2024/6/8 16:27:22","tip":"网站已打开"}}
{"level":"info","message":{"time":"2024/6/8 16:27:22","tip":"广告曝光"}}
{"level":"info","message":{"tip":"广告曝光 数量1"}}
{"level":"info","message":"开始：2024/6/8 16:29:10"}
{"level":"info","message":{"body":"{\"code\":200,\"msg\":\"提交成功\",\"data\":[]}","brand":"google","model":"Pixel 4a","tip":"重置机型成功"}}
{"level":"info","message":{"data":"{\"code\":0,\"success\":true,\"msg\":\"请求成功\",\"request_ip\":\"114.93.3.27\",\"data\":\"更新成功\"}","tip":"切换代理IP成功"}}
{"level":"info","message":{"time":"2024/6/8 16:29:53","tip":"打开网站"}}
{"level":"info","message":{"time":"2024/6/8 16:30:11","tip":"网站已打开"}}
{"level":"info","message":{"time":"2024/6/8 16:30:11","tip":"广告曝光"}}
{"level":"info","message":{"tip":"广告曝光 数量1"}}
{"level":"info","message":{"time":"2024/6/8 16:30:35","tip":"进入子页面"}}
{"level":"info","message":{"time":"2024/6/8 16:30:44","tip":"c-广告曝光"}}
{"level":"info","message":{"tip":"c-广告曝光 数量1"}}
{"level":"info","message":{"body":"{\"code\":200,\"msg\":\"提交成功\",\"data\":[]}","brand":"google","model":"Pixel 4a","tip":"重置机型成功"}}
{"level":"info","message":{"data":"{\"code\":0,\"success\":true,\"msg\":\"请求成功\",\"request_ip\":\"114.93.3.27\",\"data\":\"更新成功\"}","tip":"切换代理IP成功"}}
{"level":"error","name":"unknown error"}
{"level":"info","message":{"time":"2024/6/8 16:32:21","tip":"打开网站"}}
{"level":"info","message":{"time":"2024/6/8 16:32:42","tip":"网站已打开"}}
{"level":"info","message":{"time":"2024/6/8 16:32:42","tip":"广告曝光"}}
{"level":"info","message":{"tip":"广告曝光 数量1"}}
{"level":"info","message":{"time":"2024/6/8 16:33:06","tip":"进入子页面"}}
{"level":"info","message":{"time":"2024/6/8 16:33:14","tip":"c-广告曝光"}}
{"level":"info","message":{"tip":"c-广告曝光 数量1"}}
{"level":"info","message":{"body":"{\"code\":200,\"msg\":\"提交成功\",\"data\":[]}","brand":"google","model":"Pixel 4a","tip":"重置机型成功"}}
{"level":"info","message":{"data":"{\"code\":0,\"success\":true,\"msg\":\"请求成功\",\"request_ip\":\"114.93.3.27\",\"data\":\"更新成功\"}","tip":"切换代理IP成功"}}
{"level":"error","name":"unknown error"}
{"level":"info","message":{"time":"2024/6/8 16:34:13","tip":"打开网站"}}
{"level":"info","message":{"time":"2024/6/8 16:34:30","tip":"网站已打开"}}
{"level":"info","message":{"time":"2024/6/8 16:34:30","tip":"广告曝光"}}
{"level":"info","message":{"tip":"广告曝光 数量1"}}
{"level":"info","message":{"body":"{\"code\":200,\"msg\":\"提交成功\",\"data\":[]}","brand":"google","model":"Pixel 6","tip":"重置机型成功"}}
{"level":"info","message":{"data":"{\"code\":0,\"success\":true,\"msg\":\"请求成功\",\"request_ip\":\"114.93.3.27\",\"data\":\"更新成功\"}","tip":"切换代理IP成功"}}
{"level":"error","name":"unknown error"}
{"level":"info","message":{"time":"2024/6/8 16:35:26","tip":"打开网站"}}
{"level":"info","message":{"time":"2024/6/8 16:35:43","tip":"网站已打开"}}
{"level":"info","message":{"time":"2024/6/8 16:35:43","tip":"广告曝光"}}
{"level":"info","message":{"tip":"广告曝光 数量1"}}
{"level":"info","message":{"time":"2024/6/8 16:36:09","tip":"广告点击","type":"adv1"}}
{"level":"info","message":{"time":"2024/6/8 16:36:30","tip":"广告页面加载完成","type":"adv1"}}
{"level":"info","message":{"body":"{\"code\":200,\"msg\":\"提交成功\",\"data\":[]}","brand":"google","model":"Pixel 4a","tip":"重置机型成功"}}
{"level":"info","message":{"data":"{\"code\":0,\"success\":true,\"msg\":\"请求成功\",\"request_ip\":\"114.93.3.27\",\"data\":\"更新成功\"}","tip":"切换代理IP成功"}}
{"level":"error","name":"unknown error"}
{"level":"info","message":{"time":"2024/6/8 16:37:09","tip":"打开网站"}}
{"level":"info","message":{"time":"2024/6/8 16:37:26","tip":"网站已打开"}}
{"level":"info","message":{"time":"2024/6/8 16:37:26","tip":"广告曝光"}}
{"level":"info","message":{"tip":"广告曝光 数量1"}}
{"level":"info","message":{"time":"2024/6/8 16:37:52","tip":"进入子页面"}}
{"level":"info","message":{"time":"2024/6/8 16:38:01","tip":"c-广告曝光"}}
